This file contains any messages produced by compilers while
running configure, to aid debugging if configure makes a mistake.

It was created by configure, which was
generated by GNU Autoconf 2.69.  Invocation command line was

  $ ./configure 

## --------- ##
## Platform. ##
## --------- ##

hostname = a10p25
uname -m = i686
uname -r = 3.14-0.bpo.1-686-pae
uname -s = Linux
uname -v = #1 SMP Debian 3.14.12-1~bpo70+1 (2014-07-13)

/usr/bin/uname -p = unknown
/bin/uname -X     = unknown

/bin/arch              = unknown
/usr/bin/arch -k       = unknown
/usr/convex/getsysinfo = unknown
/usr/bin/hostinfo      = unknown
/bin/machine           = unknown
/usr/bin/oslevel       = unknown
/bin/universe          = unknown

PATH: /usr/local/rvm/gems/ruby-2.1.2/bin
PATH: /usr/local/rvm/gems/ruby-2.1.2@global/bin
PATH: /usr/local/rvm/rubies/ruby-2.1.2/bin
PATH: /usr/local/bin
PATH: /usr/bin
PATH: /bin
PATH: /usr/bin/X11
PATH: /usr/games
PATH: /usr/local/rvm/bin
PATH: /opt/oracle/product/11.2.0/client_1/bin
PATH: /opt/oracle/product/11.2.0/client_1/sqldeveloper/sqldeveloper/bin


## ----------- ##
## Core tests. ##
## ----------- ##

configure:2385: checking build system type
configure:2399: result: i686-pc-linux-gnu
configure:2419: checking host system type
configure:2432: result: i686-pc-linux-gnu
configure:2502: checking for gcc
configure:2518: found /usr/bin/gcc
configure:2529: result: gcc
configure:2758: checking for C compiler version
configure:2767: gcc --version >&5
gcc (Debian 4.7.2-5) 4.7.2
Copyright (C) 2012 Free Software Foundation, Inc.
This is free software; see the source for copying conditions.  There is NO
warranty; not even for MERCHANTABILITY or FITNESS FOR A PARTICULAR PURPOSE.

configure:2778: $? = 0
configure:2767: gcc -v >&5
Using built-in specs.
COLLECT_GCC=gcc
COLLECT_LTO_WRAPPER=/usr/lib/gcc/i486-linux-gnu/4.7/lto-wrapper
Target: i486-linux-gnu
Configured with: ../src/configure -v --with-pkgversion='Debian 4.7.2-5' --with-bugurl=file:///usr/share/doc/gcc-4.7/README.Bugs --enable-languages=c,c++,go,fortran,objc,obj-c++ --prefix=/usr --program-suffix=-4.7 --enable-shared --enable-linker-build-id --with-system-zlib --libexecdir=/usr/lib --without-included-gettext --enable-threads=posix --with-gxx-include-dir=/usr/include/c++/4.7 --libdir=/usr/lib --enable-nls --with-sysroot=/ --enable-clocale=gnu --enable-libstdcxx-debug --enable-libstdcxx-time=yes --enable-gnu-unique-object --enable-plugin --enable-objc-gc --enable-targets=all --with-arch-32=i586 --with-tune=generic --enable-checking=release --build=i486-linux-gnu --host=i486-linux-gnu --target=i486-linux-gnu
Thread model: posix
gcc version 4.7.2 (Debian 4.7.2-5) 
configure:2778: $? = 0
configure:2767: gcc -V >&5
gcc: error: unrecognized command line option '-V'
gcc: fatal error: no input files
compilation terminated.
configure:2778: $? = 4
configure:2767: gcc -qversion >&5
gcc: error: unrecognized command line option '-qversion'
gcc: fatal error: no input files
compilation terminated.
configure:2778: $? = 4
configure:2798: checking whether the C compiler works
configure:2820: gcc    conftest.c  >&5
configure:2824: $? = 0
configure:2872: result: yes
configure:2875: checking for C compiler default output file name
configure:2877: result: a.out
configure:2883: checking for suffix of executables
configure:2890: gcc -o conftest    conftest.c  >&5
configure:2894: $? = 0
configure:2916: result: 
configure:2938: checking whether we are cross compiling
configure:2946: gcc -o conftest    conftest.c  >&5
configure:2950: $? = 0
configure:2957: ./conftest
configure:2961: $? = 0
configure:2976: result: no
configure:2981: checking for suffix of object files
configure:3003: gcc -c   conftest.c >&5
configure:3007: $? = 0
configure:3028: result: o
configure:3032: checking whether we are using the GNU C compiler
configure:3051: gcc -c   conftest.c >&5
configure:3051: $? = 0
configure:3060: result: yes
configure:3069: checking whether gcc accepts -g
configure:3089: gcc -c -g  conftest.c >&5
configure:3089: $? = 0
configure:3130: result: yes
configure:3147: checking for gcc option to accept ISO C89
configure:3210: gcc  -c -g -O2  conftest.c >&5
configure:3210: $? = 0
configure:3223: result: none needed
configure:3301: checking for g++
configure:3317: found /usr/bin/g++
configure:3328: result: g++
configure:3355: checking for C++ compiler version
configure:3364: g++ --version >&5
g++ (Debian 4.7.2-5) 4.7.2
Copyright (C) 2012 Free Software Foundation, Inc.
This is free software; see the source for copying conditions.  There is NO
warranty; not even for MERCHANTABILITY or FITNESS FOR A PARTICULAR PURPOSE.

configure:3375: $? = 0
configure:3364: g++ -v >&5
Using built-in specs.
COLLECT_GCC=g++
COLLECT_LTO_WRAPPER=/usr/lib/gcc/i486-linux-gnu/4.7/lto-wrapper
Target: i486-linux-gnu
Configured with: ../src/configure -v --with-pkgversion='Debian 4.7.2-5' --with-bugurl=file:///usr/share/doc/gcc-4.7/README.Bugs --enable-languages=c,c++,go,fortran,objc,obj-c++ --prefix=/usr --program-suffix=-4.7 --enable-shared --enable-linker-build-id --with-system-zlib --libexecdir=/usr/lib --without-included-gettext --enable-threads=posix --with-gxx-include-dir=/usr/include/c++/4.7 --libdir=/usr/lib --enable-nls --with-sysroot=/ --enable-clocale=gnu --enable-libstdcxx-debug --enable-libstdcxx-time=yes --enable-gnu-unique-object --enable-plugin --enable-objc-gc --enable-targets=all --with-arch-32=i586 --with-tune=generic --enable-checking=release --build=i486-linux-gnu --host=i486-linux-gnu --target=i486-linux-gnu
Thread model: posix
gcc version 4.7.2 (Debian 4.7.2-5) 
configure:3375: $? = 0
configure:3364: g++ -V >&5
g++: error: unrecognized command line option '-V'
g++: fatal error: no input files
compilation terminated.
configure:3375: $? = 4
configure:3364: g++ -qversion >&5
g++: error: unrecognized command line option '-qversion'
g++: fatal error: no input files
compilation terminated.
configure:3375: $? = 4
configure:3379: checking whether we are using the GNU C++ compiler
configure:3398: g++ -c   conftest.cpp >&5
configure:3398: $? = 0
configure:3407: result: yes
configure:3416: checking whether g++ accepts -g
configure:3436: g++ -c -g  conftest.cpp >&5
configure:3436: $? = 0
configure:3477: result: yes
configure:3514: checking for a BSD-compatible install
configure:3582: result: /usr/bin/install -c
configure:3593: checking whether make sets $(MAKE)
configure:3615: result: yes
configure:3629: checking how to run the C preprocessor
configure:3660: gcc -E  conftest.c
configure:3660: $? = 0
configure:3674: gcc -E  conftest.c
conftest.c:9:28: fatal error: ac_nonexistent.h: No such file or directory
compilation terminated.
configure:3674: $? = 1
configure: failed program was:
| /* confdefs.h */
| #define PACKAGE_NAME ""
| #define PACKAGE_TARNAME ""
| #define PACKAGE_VERSION ""
| #define PACKAGE_STRING ""
| #define PACKAGE_BUGREPORT ""
| #define PACKAGE_URL ""
| /* end confdefs.h.  */
| #include <ac_nonexistent.h>
configure:3699: result: gcc -E
configure:3719: gcc -E  conftest.c
configure:3719: $? = 0
configure:3733: gcc -E  conftest.c
conftest.c:9:28: fatal error: ac_nonexistent.h: No such file or directory
compilation terminated.
configure:3733: $? = 1
configure: failed program was:
| /* confdefs.h */
| #define PACKAGE_NAME ""
| #define PACKAGE_TARNAME ""
| #define PACKAGE_VERSION ""
| #define PACKAGE_STRING ""
| #define PACKAGE_BUGREPORT ""
| #define PACKAGE_URL ""
| /* end confdefs.h.  */
| #include <ac_nonexistent.h>
configure:3766: checking for platform-specific compiler flags
configure:3901: result: none needed
configure:4032: checking for grep that handles long lines and -e
configure:4090: result: /bin/grep
configure:4095: checking for egrep
configure:4157: result: /bin/grep -E
configure:4162: checking for ANSI C header files
configure:4182: gcc -c -g -O2  conftest.c >&5
configure:4182: $? = 0
configure:4255: gcc -o conftest -g -O2   -rdynamic conftest.c  >&5
configure:4255: $? = 0
configure:4255: ./conftest
configure:4255: $? = 0
configure:4266: result: yes
configure:4279: checking for sys/types.h
configure:4279: gcc -c -g -O2  conftest.c >&5
configure:4279: $? = 0
configure:4279: result: yes
configure:4279: checking for sys/stat.h
configure:4279: gcc -c -g -O2  conftest.c >&5
configure:4279: $? = 0
configure:4279: result: yes
configure:4279: checking for stdlib.h
configure:4279: gcc -c -g -O2  conftest.c >&5
configure:4279: $? = 0
configure:4279: result: yes
configure:4279: checking for string.h
configure:4279: gcc -c -g -O2  conftest.c >&5
configure:4279: $? = 0
configure:4279: result: yes
configure:4279: checking for memory.h
configure:4279: gcc -c -g -O2  conftest.c >&5
configure:4279: $? = 0
configure:4279: result: yes
configure:4279: checking for strings.h
configure:4279: gcc -c -g -O2  conftest.c >&5
configure:4279: $? = 0
configure:4279: result: yes
configure:4279: checking for inttypes.h
configure:4279: gcc -c -g -O2  conftest.c >&5
configure:4279: $? = 0
configure:4279: result: yes
configure:4279: checking for stdint.h
configure:4279: gcc -c -g -O2  conftest.c >&5
configure:4279: $? = 0
configure:4279: result: yes
configure:4279: checking for unistd.h
configure:4279: gcc -c -g -O2  conftest.c >&5
configure:4279: $? = 0
configure:4279: result: yes
configure:4291: checking whether byte ordering is bigendian
configure:4306: gcc -c -g -O2  conftest.c >&5
conftest.c:26:9: error: unknown type name 'not'
conftest.c:26:15: error: expected '=', ',', ';', 'asm' or '__attribute__' before 'universal'
conftest.c:26:15: error: unknown type name 'universal'
configure:4306: $? = 1
configure: failed program was:
| /* confdefs.h */
| #define PACKAGE_NAME ""
| #define PACKAGE_TARNAME ""
| #define PACKAGE_VERSION ""
| #define PACKAGE_STRING ""
| #define PACKAGE_BUGREPORT ""
| #define PACKAGE_URL ""
| #define SYS_LINUX 1
| #define SYSCONF_LOC "/usr/local/etc"
| #define LOCALSTATE_DIR "/usr/local/var"
| #define BIN_LOC "/usr/local/bin"
| #define LIB_LOC "/usr/local/lib"
| #define DATA_LOC "/usr/local/share"
| #define STDC_HEADERS 1
| #define HAVE_SYS_TYPES_H 1
| #define HAVE_SYS_STAT_H 1
| #define HAVE_STDLIB_H 1
| #define HAVE_STRING_H 1
| #define HAVE_MEMORY_H 1
| #define HAVE_STRINGS_H 1
| #define HAVE_INTTYPES_H 1
| #define HAVE_STDINT_H 1
| #define HAVE_UNISTD_H 1
| /* end confdefs.h.  */
| #ifndef __APPLE_CC__
| 	       not a universal capable compiler
| 	     #endif
| 	     typedef int dummy;
| 
configure:4351: gcc -c -g -O2  conftest.c >&5
configure:4351: $? = 0
configure:4369: gcc -c -g -O2  conftest.c >&5
conftest.c: In function 'main':
conftest.c:32:4: error: unknown type name 'not'
conftest.c:32:12: error: expected '=', ',', ';', 'asm' or '__attribute__' before 'endian'
configure:4369: $? = 1
configure: failed program was:
| /* confdefs.h */
| #define PACKAGE_NAME ""
| #define PACKAGE_TARNAME ""
| #define PACKAGE_VERSION ""
| #define PACKAGE_STRING ""
| #define PACKAGE_BUGREPORT ""
| #define PACKAGE_URL ""
| #define SYS_LINUX 1
| #define SYSCONF_LOC "/usr/local/etc"
| #define LOCALSTATE_DIR "/usr/local/var"
| #define BIN_LOC "/usr/local/bin"
| #define LIB_LOC "/usr/local/lib"
| #define DATA_LOC "/usr/local/share"
| #define STDC_HEADERS 1
| #define HAVE_SYS_TYPES_H 1
| #define HAVE_SYS_STAT_H 1
| #define HAVE_STDLIB_H 1
| #define HAVE_STRING_H 1
| #define HAVE_MEMORY_H 1
| #define HAVE_STRINGS_H 1
| #define HAVE_INTTYPES_H 1
| #define HAVE_STDINT_H 1
| #define HAVE_UNISTD_H 1
| /* end confdefs.h.  */
| #include <sys/types.h>
| 		#include <sys/param.h>
| 
| int
| main ()
| {
| #if BYTE_ORDER != BIG_ENDIAN
| 		 not big endian
| 		#endif
| 
|   ;
|   return 0;
| }
configure:4497: result: no
configure:4520: checking errno.h usability
configure:4520: gcc -c -g -O2  conftest.c >&5
configure:4520: $? = 0
configure:4520: result: yes
configure:4520: checking errno.h presence
configure:4520: gcc -E  conftest.c
configure:4520: $? = 0
configure:4520: result: yes
configure:4520: checking for errno.h
configure:4520: result: yes
configure:4520: checking for stdlib.h
configure:4520: result: yes
configure:4520: checking for string.h
configure:4520: result: yes
configure:4520: checking sys/socket.h usability
configure:4520: gcc -c -g -O2  conftest.c >&5
configure:4520: $? = 0
configure:4520: result: yes
configure:4520: checking sys/socket.h presence
configure:4520: gcc -E  conftest.c
configure:4520: $? = 0
configure:4520: result: yes
configure:4520: checking for sys/socket.h
configure:4520: result: yes
configure:4520: checking sys/time.h usability
configure:4520: gcc -c -g -O2  conftest.c >&5
configure:4520: $? = 0
configure:4520: result: yes
configure:4520: checking sys/time.h presence
configure:4520: gcc -E  conftest.c
configure:4520: $? = 0
configure:4520: result: yes
configure:4520: checking for sys/time.h
configure:4520: result: yes
configure:4520: checking sys/wait.h usability
configure:4520: gcc -c -g -O2  conftest.c >&5
configure:4520: $? = 0
configure:4520: result: yes
configure:4520: checking sys/wait.h presence
configure:4520: gcc -E  conftest.c
configure:4520: $? = 0
configure:4520: result: yes
configure:4520: checking for sys/wait.h
configure:4520: result: yes
configure:4520: checking for unistd.h
configure:4520: result: yes
configure:4520: checking for sys/types.h
configure:4520: result: yes
configure:4520: checking netdb.h usability
configure:4520: gcc -c -g -O2  conftest.c >&5
configure:4520: $? = 0
configure:4520: result: yes
configure:4520: checking netdb.h presence
configure:4520: gcc -E  conftest.c
configure:4520: $? = 0
configure:4520: result: yes
configure:4520: checking for netdb.h
configure:4520: result: yes
configure:4537: checking getopt.h usability
configure:4537: gcc -c -g -O2  conftest.c >&5
configure:4537: $? = 0
configure:4537: result: yes
configure:4537: checking getopt.h presence
configure:4537: gcc -E  conftest.c
configure:4537: $? = 0
configure:4537: result: yes
configure:4537: checking for getopt.h
configure:4537: result: yes
configure:4549: checking for an ANSI C-conforming const
configure:4615: gcc -c -g -O2  conftest.c >&5
configure:4615: $? = 0
configure:4622: result: yes
configure:4630: checking whether time.h and sys/time.h may both be included
configure:4650: gcc -c -g -O2  conftest.c >&5
configure:4650: $? = 0
configure:4657: result: yes
configure:4665: checking whether struct tm is in sys/time.h or time.h
configure:4685: gcc -c -g -O2  conftest.c >&5
configure:4685: $? = 0
configure:4692: result: time.h
configure:4702: checking for ANSI C header files
configure:4806: result: yes
configure:4814: checking return type of signal handlers
configure:4832: gcc -c -g -O2  conftest.c >&5
conftest.c: In function 'main':
conftest.c:52:1: error: void value not ignored as it ought to be
configure:4832: $? = 1
configure: failed program was:
| /* confdefs.h */
| #define PACKAGE_NAME ""
| #define PACKAGE_TARNAME ""
| #define PACKAGE_VERSION ""
| #define PACKAGE_STRING ""
| #define PACKAGE_BUGREPORT ""
| #define PACKAGE_URL ""
| #define SYS_LINUX 1
| #define SYSCONF_LOC "/usr/local/etc"
| #define LOCALSTATE_DIR "/usr/local/var"
| #define BIN_LOC "/usr/local/bin"
| #define LIB_LOC "/usr/local/lib"
| #define DATA_LOC "/usr/local/share"
| #define STDC_HEADERS 1
| #define HAVE_SYS_TYPES_H 1
| #define HAVE_SYS_STAT_H 1
| #define HAVE_STDLIB_H 1
| #define HAVE_STRING_H 1
| #define HAVE_MEMORY_H 1
| #define HAVE_STRINGS_H 1
| #define HAVE_INTTYPES_H 1
| #define HAVE_STDINT_H 1
| #define HAVE_UNISTD_H 1
| #define HAVE_ERRNO_H 1
| #define HAVE_SYSHEADERS 1
| #define HAVE_STDLIB_H 1
| #define HAVE_SYSHEADERS 1
| #define HAVE_STRING_H 1
| #define HAVE_SYSHEADERS 1
| #define HAVE_SYS_SOCKET_H 1
| #define HAVE_SYSHEADERS 1
| #define HAVE_SYS_TIME_H 1
| #define HAVE_SYSHEADERS 1
| #define HAVE_SYS_WAIT_H 1
| #define HAVE_SYSHEADERS 1
| #define HAVE_UNISTD_H 1
| #define HAVE_SYSHEADERS 1
| #define HAVE_SYS_TYPES_H 1
| #define HAVE_SYSHEADERS 1
| #define HAVE_NETDB_H 1
| #define HAVE_SYSHEADERS 1
| #define HAVE_GETOPT_H 1
| #define TIME_WITH_SYS_TIME 1
| #define STDC_HEADERS 1
| /* end confdefs.h.  */
| #include <sys/types.h>
| #include <signal.h>
| 
| int
| main ()
| {
| return *(signal (0, 0)) (0) == 1;
|   ;
|   return 0;
| }
configure:4839: result: void
configure:4847: checking whether lstat correctly handles trailing slash
configure:4873: gcc -o conftest -g -O2   -rdynamic conftest.c  >&5
configure:4873: $? = 0
configure:4873: ./conftest
configure:4873: $? = 0
configure:4890: result: yes
configure:4909: checking whether stat accepts an empty string
configure:4929: gcc -o conftest -g -O2   -rdynamic conftest.c  >&5
configure:4929: $? = 0
configure:4929: ./conftest
configure:4929: $? = 0
configure:4939: result: no
configure:4958: checking for gettimeofday
configure:4958: gcc -o conftest -g -O2   -rdynamic conftest.c  >&5
configure:4958: $? = 0
configure:4958: result: yes
configure:4958: checking for memset
configure:4958: gcc -o conftest -g -O2   -rdynamic conftest.c  >&5
conftest.c:72:6: warning: conflicting types for built-in function 'memset' [enabled by default]
configure:4958: $? = 0
configure:4958: result: yes
configure:4958: checking for select
configure:4958: gcc -o conftest -g -O2   -rdynamic conftest.c  >&5
configure:4958: $? = 0
configure:4958: result: yes
configure:4958: checking for socket
configure:4958: gcc -o conftest -g -O2   -rdynamic conftest.c  >&5
configure:4958: $? = 0
configure:4958: result: yes
configure:4958: checking for strcasecmp
configure:4958: gcc -o conftest -g -O2   -rdynamic conftest.c  >&5
conftest.c:75:6: warning: conflicting types for built-in function 'strcasecmp' [enabled by default]
configure:4958: $? = 0
configure:4958: result: yes
configure:4958: checking for strftime
configure:4958: gcc -o conftest -g -O2   -rdynamic conftest.c  >&5
conftest.c:76:6: warning: conflicting types for built-in function 'strftime' [enabled by default]
configure:4958: $? = 0
configure:4958: result: yes
configure:4958: checking for strstr
configure:4958: gcc -o conftest -g -O2   -rdynamic conftest.c  >&5
conftest.c:77:6: warning: conflicting types for built-in function 'strstr' [enabled by default]
configure:4958: $? = 0
configure:4958: result: yes
configure:4969: checking for system-level getopt_long()
configure:5001: gcc -o conftest -g -O2   -rdynamic conftest.c  >&5
configure:5001: $? = 0
configure:5009: result: yes
configure:5021: checking for stdint.h
configure:5021: result: yes
configure:5055: checking for accept() addrlen type
configure:5082: gcc -o conftest -Werror -g -O2   -rdynamic conftest.c  >&5
configure:5082: $? = 0
configure:5090: result: socklen_t
configure:5109: checking for special C compiler options needed for large files
configure:5154: result: no
configure:5160: checking for _FILE_OFFSET_BITS value needed for large files
configure:5185: gcc -c -g -O2  conftest.c >&5
conftest.c:64:3: warning: left shift count >= width of type [enabled by default]
conftest.c:64:3: warning: left shift count >= width of type [enabled by default]
conftest.c:65:10: warning: left shift count >= width of type [enabled by default]
conftest.c:65:10: warning: left shift count >= width of type [enabled by default]
conftest.c:64:7: error: variably modified 'off_t_is_large' at file scope
configure:5185: $? = 1
configure: failed program was:
| /* confdefs.h */
| #define PACKAGE_NAME ""
| #define PACKAGE_TARNAME ""
| #define PACKAGE_VERSION ""
| #define PACKAGE_STRING ""
| #define PACKAGE_BUGREPORT ""
| #define PACKAGE_URL ""
| #define SYS_LINUX 1
| #define SYSCONF_LOC "/usr/local/etc"
| #define LOCALSTATE_DIR "/usr/local/var"
| #define BIN_LOC "/usr/local/bin"
| #define LIB_LOC "/usr/local/lib"
| #define DATA_LOC "/usr/local/share"
| #define STDC_HEADERS 1
| #define HAVE_SYS_TYPES_H 1
| #define HAVE_SYS_STAT_H 1
| #define HAVE_STDLIB_H 1
| #define HAVE_STRING_H 1
| #define HAVE_MEMORY_H 1
| #define HAVE_STRINGS_H 1
| #define HAVE_INTTYPES_H 1
| #define HAVE_STDINT_H 1
| #define HAVE_UNISTD_H 1
| #define HAVE_ERRNO_H 1
| #define HAVE_SYSHEADERS 1
| #define HAVE_STDLIB_H 1
| #define HAVE_SYSHEADERS 1
| #define HAVE_STRING_H 1
| #define HAVE_SYSHEADERS 1
| #define HAVE_SYS_SOCKET_H 1
| #define HAVE_SYSHEADERS 1
| #define HAVE_SYS_TIME_H 1
| #define HAVE_SYSHEADERS 1
| #define HAVE_SYS_WAIT_H 1
| #define HAVE_SYSHEADERS 1
| #define HAVE_UNISTD_H 1
| #define HAVE_SYSHEADERS 1
| #define HAVE_SYS_TYPES_H 1
| #define HAVE_SYSHEADERS 1
| #define HAVE_NETDB_H 1
| #define HAVE_SYSHEADERS 1
| #define HAVE_GETOPT_H 1
| #define TIME_WITH_SYS_TIME 1
| #define STDC_HEADERS 1
| #define RETSIGTYPE void
| #define LSTAT_FOLLOWS_SLASHED_SYMLINK 1
| #define HAVE_GETTIMEOFDAY 1
| #define HAVE_MEMSET 1
| #define HAVE_SELECT 1
| #define HAVE_SOCKET 1
| #define HAVE_STRCASECMP 1
| #define HAVE_STRFTIME 1
| #define HAVE_STRSTR 1
| #define HAVE_GETOPT_LONG 1
| #define HAVE_STDINT_H 1
| #define HAVE_SOCKLEN_T 1
| /* end confdefs.h.  */
| #include <sys/types.h>
|  /* Check that off_t can represent 2**63 - 1 correctly.
|     We can't simply define LARGE_OFF_T to be 9223372036854775807,
|     since some C++ compilers masquerading as C compilers
|     incorrectly reject 9223372036854775807.  */
| #define LARGE_OFF_T (((off_t) 1 << 62) - 1 + ((off_t) 1 << 62))
|   int off_t_is_large[(LARGE_OFF_T % 2147483629 == 721
| 		       && LARGE_OFF_T % 2147483647 == 1)
| 		      ? 1 : -1];
| int
| main ()
| {
| 
|   ;
|   return 0;
| }
configure:5209: gcc -c -g -O2  conftest.c >&5
configure:5209: $? = 0
configure:5217: result: 64
configure:5305: checking for dlopen in -ldl
configure:5330: gcc -o conftest -g -O2   -rdynamic conftest.c -ldl   >&5
configure:5330: $? = 0
configure:5339: result: yes
configure:5518: checking for the pthreads library -lpthreads
configure:5556: gcc -o conftest -g -O2    -rdynamic conftest.c -lpthreads  >&5
/usr/bin/ld: cannot find -lpthreads
collect2: error: ld returned 1 exit status
configure:5556: $? = 1
configure: failed program was:
| /* confdefs.h */
| #define PACKAGE_NAME ""
| #define PACKAGE_TARNAME ""
| #define PACKAGE_VERSION ""
| #define PACKAGE_STRING ""
| #define PACKAGE_BUGREPORT ""
| #define PACKAGE_URL ""
| #define SYS_LINUX 1
| #define SYSCONF_LOC "/usr/local/etc"
| #define LOCALSTATE_DIR "/usr/local/var"
| #define BIN_LOC "/usr/local/bin"
| #define LIB_LOC "/usr/local/lib"
| #define DATA_LOC "/usr/local/share"
| #define STDC_HEADERS 1
| #define HAVE_SYS_TYPES_H 1
| #define HAVE_SYS_STAT_H 1
| #define HAVE_STDLIB_H 1
| #define HAVE_STRING_H 1
| #define HAVE_MEMORY_H 1
| #define HAVE_STRINGS_H 1
| #define HAVE_INTTYPES_H 1
| #define HAVE_STDINT_H 1
| #define HAVE_UNISTD_H 1
| #define HAVE_ERRNO_H 1
| #define HAVE_SYSHEADERS 1
| #define HAVE_STDLIB_H 1
| #define HAVE_SYSHEADERS 1
| #define HAVE_STRING_H 1
| #define HAVE_SYSHEADERS 1
| #define HAVE_SYS_SOCKET_H 1
| #define HAVE_SYSHEADERS 1
| #define HAVE_SYS_TIME_H 1
| #define HAVE_SYSHEADERS 1
| #define HAVE_SYS_WAIT_H 1
| #define HAVE_SYSHEADERS 1
| #define HAVE_UNISTD_H 1
| #define HAVE_SYSHEADERS 1
| #define HAVE_SYS_TYPES_H 1
| #define HAVE_SYSHEADERS 1
| #define HAVE_NETDB_H 1
| #define HAVE_SYSHEADERS 1
| #define HAVE_GETOPT_H 1
| #define TIME_WITH_SYS_TIME 1
| #define STDC_HEADERS 1
| #define RETSIGTYPE void
| #define LSTAT_FOLLOWS_SLASHED_SYMLINK 1
| #define HAVE_GETTIMEOFDAY 1
| #define HAVE_MEMSET 1
| #define HAVE_SELECT 1
| #define HAVE_SOCKET 1
| #define HAVE_STRCASECMP 1
| #define HAVE_STRFTIME 1
| #define HAVE_STRSTR 1
| #define HAVE_GETOPT_LONG 1
| #define HAVE_STDINT_H 1
| #define HAVE_SOCKLEN_T 1
| #define _FILE_OFFSET_BITS 64
| /* end confdefs.h.  */
| #include <pthread.h>
|                         static void routine(void *a) { a = 0; }
|                         static void *start_routine(void *a) { return a; }
| int
| main ()
| {
| pthread_t th; pthread_attr_t attr;
|                         pthread_create(&th, 0, start_routine, 0);
|                         pthread_join(th, 0);
|                         pthread_attr_init(&attr);
|                         pthread_cleanup_push(routine, 0);
|                         pthread_cleanup_pop(0) /* ; */
|   ;
|   return 0;
| }
configure:5565: result: no
configure:5463: checking whether pthreads work without any flags
configure:5556: gcc -o conftest -g -O2    -rdynamic conftest.c   >&5
/tmp/ccWNRKWH.o: In function `main':
/tmp/kismet-fork/Kismet/conftest.c:66: undefined reference to `pthread_create'
/tmp/kismet-fork/Kismet/conftest.c:67: undefined reference to `pthread_join'
/tmp/kismet-fork/Kismet/conftest.c:69: undefined reference to `__pthread_register_cancel'
/tmp/kismet-fork/Kismet/conftest.c:70: undefined reference to `__pthread_unregister_cancel'
collect2: error: ld returned 1 exit status
configure:5556: $? = 1
configure: failed program was:
| /* confdefs.h */
| #define PACKAGE_NAME ""
| #define PACKAGE_TARNAME ""
| #define PACKAGE_VERSION ""
| #define PACKAGE_STRING ""
| #define PACKAGE_BUGREPORT ""
| #define PACKAGE_URL ""
| #define SYS_LINUX 1
| #define SYSCONF_LOC "/usr/local/etc"
| #define LOCALSTATE_DIR "/usr/local/var"
| #define BIN_LOC "/usr/local/bin"
| #define LIB_LOC "/usr/local/lib"
| #define DATA_LOC "/usr/local/share"
| #define STDC_HEADERS 1
| #define HAVE_SYS_TYPES_H 1
| #define HAVE_SYS_STAT_H 1
| #define HAVE_STDLIB_H 1
| #define HAVE_STRING_H 1
| #define HAVE_MEMORY_H 1
| #define HAVE_STRINGS_H 1
| #define HAVE_INTTYPES_H 1
| #define HAVE_STDINT_H 1
| #define HAVE_UNISTD_H 1
| #define HAVE_ERRNO_H 1
| #define HAVE_SYSHEADERS 1
| #define HAVE_STDLIB_H 1
| #define HAVE_SYSHEADERS 1
| #define HAVE_STRING_H 1
| #define HAVE_SYSHEADERS 1
| #define HAVE_SYS_SOCKET_H 1
| #define HAVE_SYSHEADERS 1
| #define HAVE_SYS_TIME_H 1
| #define HAVE_SYSHEADERS 1
| #define HAVE_SYS_WAIT_H 1
| #define HAVE_SYSHEADERS 1
| #define HAVE_UNISTD_H 1
| #define HAVE_SYSHEADERS 1
| #define HAVE_SYS_TYPES_H 1
| #define HAVE_SYSHEADERS 1
| #define HAVE_NETDB_H 1
| #define HAVE_SYSHEADERS 1
| #define HAVE_GETOPT_H 1
| #define TIME_WITH_SYS_TIME 1
| #define STDC_HEADERS 1
| #define RETSIGTYPE void
| #define LSTAT_FOLLOWS_SLASHED_SYMLINK 1
| #define HAVE_GETTIMEOFDAY 1
| #define HAVE_MEMSET 1
| #define HAVE_SELECT 1
| #define HAVE_SOCKET 1
| #define HAVE_STRCASECMP 1
| #define HAVE_STRFTIME 1
| #define HAVE_STRSTR 1
| #define HAVE_GETOPT_LONG 1
| #define HAVE_STDINT_H 1
| #define HAVE_SOCKLEN_T 1
| #define _FILE_OFFSET_BITS 64
| /* end confdefs.h.  */
| #include <pthread.h>
|                         static void routine(void *a) { a = 0; }
|                         static void *start_routine(void *a) { return a; }
| int
| main ()
| {
| pthread_t th; pthread_attr_t attr;
|                         pthread_create(&th, 0, start_routine, 0);
|                         pthread_join(th, 0);
|                         pthread_attr_init(&attr);
|                         pthread_cleanup_push(routine, 0);
|                         pthread_cleanup_pop(0) /* ; */
|   ;
|   return 0;
| }
configure:5565: result: no
configure:5468: checking whether pthreads work with -Kthread
configure:5556: gcc -o conftest -g -O2 -Kthread   -rdynamic conftest.c   >&5
gcc: error: unrecognized command line option '-Kthread'
configure:5556: $? = 1
configure: failed program was:
| /* confdefs.h */
| #define PACKAGE_NAME ""
| #define PACKAGE_TARNAME ""
| #define PACKAGE_VERSION ""
| #define PACKAGE_STRING ""
| #define PACKAGE_BUGREPORT ""
| #define PACKAGE_URL ""
| #define SYS_LINUX 1
| #define SYSCONF_LOC "/usr/local/etc"
| #define LOCALSTATE_DIR "/usr/local/var"
| #define BIN_LOC "/usr/local/bin"
| #define LIB_LOC "/usr/local/lib"
| #define DATA_LOC "/usr/local/share"
| #define STDC_HEADERS 1
| #define HAVE_SYS_TYPES_H 1
| #define HAVE_SYS_STAT_H 1
| #define HAVE_STDLIB_H 1
| #define HAVE_STRING_H 1
| #define HAVE_MEMORY_H 1
| #define HAVE_STRINGS_H 1
| #define HAVE_INTTYPES_H 1
| #define HAVE_STDINT_H 1
| #define HAVE_UNISTD_H 1
| #define HAVE_ERRNO_H 1
| #define HAVE_SYSHEADERS 1
| #define HAVE_STDLIB_H 1
| #define HAVE_SYSHEADERS 1
| #define HAVE_STRING_H 1
| #define HAVE_SYSHEADERS 1
| #define HAVE_SYS_SOCKET_H 1
| #define HAVE_SYSHEADERS 1
| #define HAVE_SYS_TIME_H 1
| #define HAVE_SYSHEADERS 1
| #define HAVE_SYS_WAIT_H 1
| #define HAVE_SYSHEADERS 1
| #define HAVE_UNISTD_H 1
| #define HAVE_SYSHEADERS 1
| #define HAVE_SYS_TYPES_H 1
| #define HAVE_SYSHEADERS 1
| #define HAVE_NETDB_H 1
| #define HAVE_SYSHEADERS 1
| #define HAVE_GETOPT_H 1
| #define TIME_WITH_SYS_TIME 1
| #define STDC_HEADERS 1
| #define RETSIGTYPE void
| #define LSTAT_FOLLOWS_SLASHED_SYMLINK 1
| #define HAVE_GETTIMEOFDAY 1
| #define HAVE_MEMSET 1
| #define HAVE_SELECT 1
| #define HAVE_SOCKET 1
| #define HAVE_STRCASECMP 1
| #define HAVE_STRFTIME 1
| #define HAVE_STRSTR 1
| #define HAVE_GETOPT_LONG 1
| #define HAVE_STDINT_H 1
| #define HAVE_SOCKLEN_T 1
| #define _FILE_OFFSET_BITS 64
| /* end confdefs.h.  */
| #include <pthread.h>
|                         static void routine(void *a) { a = 0; }
|                         static void *start_routine(void *a) { return a; }
| int
| main ()
| {
| pthread_t th; pthread_attr_t attr;
|                         pthread_create(&th, 0, start_routine, 0);
|                         pthread_join(th, 0);
|                         pthread_attr_init(&attr);
|                         pthread_cleanup_push(routine, 0);
|                         pthread_cleanup_pop(0) /* ; */
|   ;
|   return 0;
| }
configure:5565: result: no
configure:5468: checking whether pthreads work with -kthread
configure:5556: gcc -o conftest -g -O2 -kthread   -rdynamic conftest.c   >&5
gcc: error: unrecognized command line option '-kthread'
configure:5556: $? = 1
configure: failed program was:
| /* confdefs.h */
| #define PACKAGE_NAME ""
| #define PACKAGE_TARNAME ""
| #define PACKAGE_VERSION ""
| #define PACKAGE_STRING ""
| #define PACKAGE_BUGREPORT ""
| #define PACKAGE_URL ""
| #define SYS_LINUX 1
| #define SYSCONF_LOC "/usr/local/etc"
| #define LOCALSTATE_DIR "/usr/local/var"
| #define BIN_LOC "/usr/local/bin"
| #define LIB_LOC "/usr/local/lib"
| #define DATA_LOC "/usr/local/share"
| #define STDC_HEADERS 1
| #define HAVE_SYS_TYPES_H 1
| #define HAVE_SYS_STAT_H 1
| #define HAVE_STDLIB_H 1
| #define HAVE_STRING_H 1
| #define HAVE_MEMORY_H 1
| #define HAVE_STRINGS_H 1
| #define HAVE_INTTYPES_H 1
| #define HAVE_STDINT_H 1
| #define HAVE_UNISTD_H 1
| #define HAVE_ERRNO_H 1
| #define HAVE_SYSHEADERS 1
| #define HAVE_STDLIB_H 1
| #define HAVE_SYSHEADERS 1
| #define HAVE_STRING_H 1
| #define HAVE_SYSHEADERS 1
| #define HAVE_SYS_SOCKET_H 1
| #define HAVE_SYSHEADERS 1
| #define HAVE_SYS_TIME_H 1
| #define HAVE_SYSHEADERS 1
| #define HAVE_SYS_WAIT_H 1
| #define HAVE_SYSHEADERS 1
| #define HAVE_UNISTD_H 1
| #define HAVE_SYSHEADERS 1
| #define HAVE_SYS_TYPES_H 1
| #define HAVE_SYSHEADERS 1
| #define HAVE_NETDB_H 1
| #define HAVE_SYSHEADERS 1
| #define HAVE_GETOPT_H 1
| #define TIME_WITH_SYS_TIME 1
| #define STDC_HEADERS 1
| #define RETSIGTYPE void
| #define LSTAT_FOLLOWS_SLASHED_SYMLINK 1
| #define HAVE_GETTIMEOFDAY 1
| #define HAVE_MEMSET 1
| #define HAVE_SELECT 1
| #define HAVE_SOCKET 1
| #define HAVE_STRCASECMP 1
| #define HAVE_STRFTIME 1
| #define HAVE_STRSTR 1
| #define HAVE_GETOPT_LONG 1
| #define HAVE_STDINT_H 1
| #define HAVE_SOCKLEN_T 1
| #define _FILE_OFFSET_BITS 64
| /* end confdefs.h.  */
| #include <pthread.h>
|                         static void routine(void *a) { a = 0; }
|                         static void *start_routine(void *a) { return a; }
| int
| main ()
| {
| pthread_t th; pthread_attr_t attr;
|                         pthread_create(&th, 0, start_routine, 0);
|                         pthread_join(th, 0);
|                         pthread_attr_init(&attr);
|                         pthread_cleanup_push(routine, 0);
|                         pthread_cleanup_pop(0) /* ; */
|   ;
|   return 0;
| }
configure:5565: result: no
configure:5518: checking for the pthreads library -llthread
configure:5556: gcc -o conftest -g -O2    -rdynamic conftest.c -llthread  >&5
/usr/bin/ld: cannot find -llthread
collect2: error: ld returned 1 exit status
configure:5556: $? = 1
configure: failed program was:
| /* confdefs.h */
| #define PACKAGE_NAME ""
| #define PACKAGE_TARNAME ""
| #define PACKAGE_VERSION ""
| #define PACKAGE_STRING ""
| #define PACKAGE_BUGREPORT ""
| #define PACKAGE_URL ""
| #define SYS_LINUX 1
| #define SYSCONF_LOC "/usr/local/etc"
| #define LOCALSTATE_DIR "/usr/local/var"
| #define BIN_LOC "/usr/local/bin"
| #define LIB_LOC "/usr/local/lib"
| #define DATA_LOC "/usr/local/share"
| #define STDC_HEADERS 1
| #define HAVE_SYS_TYPES_H 1
| #define HAVE_SYS_STAT_H 1
| #define HAVE_STDLIB_H 1
| #define HAVE_STRING_H 1
| #define HAVE_MEMORY_H 1
| #define HAVE_STRINGS_H 1
| #define HAVE_INTTYPES_H 1
| #define HAVE_STDINT_H 1
| #define HAVE_UNISTD_H 1
| #define HAVE_ERRNO_H 1
| #define HAVE_SYSHEADERS 1
| #define HAVE_STDLIB_H 1
| #define HAVE_SYSHEADERS 1
| #define HAVE_STRING_H 1
| #define HAVE_SYSHEADERS 1
| #define HAVE_SYS_SOCKET_H 1
| #define HAVE_SYSHEADERS 1
| #define HAVE_SYS_TIME_H 1
| #define HAVE_SYSHEADERS 1
| #define HAVE_SYS_WAIT_H 1
| #define HAVE_SYSHEADERS 1
| #define HAVE_UNISTD_H 1
| #define HAVE_SYSHEADERS 1
| #define HAVE_SYS_TYPES_H 1
| #define HAVE_SYSHEADERS 1
| #define HAVE_NETDB_H 1
| #define HAVE_SYSHEADERS 1
| #define HAVE_GETOPT_H 1
| #define TIME_WITH_SYS_TIME 1
| #define STDC_HEADERS 1
| #define RETSIGTYPE void
| #define LSTAT_FOLLOWS_SLASHED_SYMLINK 1
| #define HAVE_GETTIMEOFDAY 1
| #define HAVE_MEMSET 1
| #define HAVE_SELECT 1
| #define HAVE_SOCKET 1
| #define HAVE_STRCASECMP 1
| #define HAVE_STRFTIME 1
| #define HAVE_STRSTR 1
| #define HAVE_GETOPT_LONG 1
| #define HAVE_STDINT_H 1
| #define HAVE_SOCKLEN_T 1
| #define _FILE_OFFSET_BITS 64
| /* end confdefs.h.  */
| #include <pthread.h>
|                         static void routine(void *a) { a = 0; }
|                         static void *start_routine(void *a) { return a; }
| int
| main ()
| {
| pthread_t th; pthread_attr_t attr;
|                         pthread_create(&th, 0, start_routine, 0);
|                         pthread_join(th, 0);
|                         pthread_attr_init(&attr);
|                         pthread_cleanup_push(routine, 0);
|                         pthread_cleanup_pop(0) /* ; */
|   ;
|   return 0;
| }
configure:5565: result: no
configure:5468: checking whether pthreads work with -pthread
configure:5556: gcc -o conftest -g -O2 -pthread   -rdynamic conftest.c   >&5
configure:5556: $? = 0
configure:5565: result: yes
configure:5584: checking for joinable pthread attribute
configure:5599: gcc -o conftest -g -O2 -pthread   -rdynamic conftest.c   >&5
configure:5599: $? = 0
configure:5605: result: PTHREAD_CREATE_JOINABLE
configure:5615: checking if more special flags are required for pthreads
configure:5629: result: no
configure:5635: checking for PTHREAD_PRIO_INHERIT
configure:5653: gcc -o conftest -g -O2 -pthread   -rdynamic conftest.c   >&5
conftest.c: In function 'main':
conftest.c:64:9: error: 'PTHREAD_PRIO_INHERIT' undeclared (first use in this function)
conftest.c:64:9: note: each undeclared identifier is reported only once for each function it appears in
configure:5653: $? = 1
configure: failed program was:
| /* confdefs.h */
| #define PACKAGE_NAME ""
| #define PACKAGE_TARNAME ""
| #define PACKAGE_VERSION ""
| #define PACKAGE_STRING ""
| #define PACKAGE_BUGREPORT ""
| #define PACKAGE_URL ""
| #define SYS_LINUX 1
| #define SYSCONF_LOC "/usr/local/etc"
| #define LOCALSTATE_DIR "/usr/local/var"
| #define BIN_LOC "/usr/local/bin"
| #define LIB_LOC "/usr/local/lib"
| #define DATA_LOC "/usr/local/share"
| #define STDC_HEADERS 1
| #define HAVE_SYS_TYPES_H 1
| #define HAVE_SYS_STAT_H 1
| #define HAVE_STDLIB_H 1
| #define HAVE_STRING_H 1
| #define HAVE_MEMORY_H 1
| #define HAVE_STRINGS_H 1
| #define HAVE_INTTYPES_H 1
| #define HAVE_STDINT_H 1
| #define HAVE_UNISTD_H 1
| #define HAVE_ERRNO_H 1
| #define HAVE_SYSHEADERS 1
| #define HAVE_STDLIB_H 1
| #define HAVE_SYSHEADERS 1
| #define HAVE_STRING_H 1
| #define HAVE_SYSHEADERS 1
| #define HAVE_SYS_SOCKET_H 1
| #define HAVE_SYSHEADERS 1
| #define HAVE_SYS_TIME_H 1
| #define HAVE_SYSHEADERS 1
| #define HAVE_SYS_WAIT_H 1
| #define HAVE_SYSHEADERS 1
| #define HAVE_UNISTD_H 1
| #define HAVE_SYSHEADERS 1
| #define HAVE_SYS_TYPES_H 1
| #define HAVE_SYSHEADERS 1
| #define HAVE_NETDB_H 1
| #define HAVE_SYSHEADERS 1
| #define HAVE_GETOPT_H 1
| #define TIME_WITH_SYS_TIME 1
| #define STDC_HEADERS 1
| #define RETSIGTYPE void
| #define LSTAT_FOLLOWS_SLASHED_SYMLINK 1
| #define HAVE_GETTIMEOFDAY 1
| #define HAVE_MEMSET 1
| #define HAVE_SELECT 1
| #define HAVE_SOCKET 1
| #define HAVE_STRCASECMP 1
| #define HAVE_STRFTIME 1
| #define HAVE_STRSTR 1
| #define HAVE_GETOPT_LONG 1
| #define HAVE_STDINT_H 1
| #define HAVE_SOCKLEN_T 1
| #define _FILE_OFFSET_BITS 64
| /* end confdefs.h.  */
| 
|                     #include <pthread.h>
| int
| main ()
| {
| int i = PTHREAD_PRIO_INHERIT;
|   ;
|   return 0;
| }
configure:5662: result: no
configure:5782: checking for libm math function in std libs
configure:5804: gcc -o conftest -Werror -g -O2  -pthread  -rdynamic conftest.c  -ldl >&5
/tmp/ccHWGhpR.o: In function `main':
/tmp/kismet-fork/Kismet/conftest.c:68: undefined reference to `pow'
collect2: error: ld returned 1 exit status
configure:5804: $? = 1
configure: failed program was:
| /* confdefs.h */
| #define PACKAGE_NAME ""
| #define PACKAGE_TARNAME ""
| #define PACKAGE_VERSION ""
| #define PACKAGE_STRING ""
| #define PACKAGE_BUGREPORT ""
| #define PACKAGE_URL ""
| #define SYS_LINUX 1
| #define SYSCONF_LOC "/usr/local/etc"
| #define LOCALSTATE_DIR "/usr/local/var"
| #define BIN_LOC "/usr/local/bin"
| #define LIB_LOC "/usr/local/lib"
| #define DATA_LOC "/usr/local/share"
| #define STDC_HEADERS 1
| #define HAVE_SYS_TYPES_H 1
| #define HAVE_SYS_STAT_H 1
| #define HAVE_STDLIB_H 1
| #define HAVE_STRING_H 1
| #define HAVE_MEMORY_H 1
| #define HAVE_STRINGS_H 1
| #define HAVE_INTTYPES_H 1
| #define HAVE_STDINT_H 1
| #define HAVE_UNISTD_H 1
| #define HAVE_ERRNO_H 1
| #define HAVE_SYSHEADERS 1
| #define HAVE_STDLIB_H 1
| #define HAVE_SYSHEADERS 1
| #define HAVE_STRING_H 1
| #define HAVE_SYSHEADERS 1
| #define HAVE_SYS_SOCKET_H 1
| #define HAVE_SYSHEADERS 1
| #define HAVE_SYS_TIME_H 1
| #define HAVE_SYSHEADERS 1
| #define HAVE_SYS_WAIT_H 1
| #define HAVE_SYSHEADERS 1
| #define HAVE_UNISTD_H 1
| #define HAVE_SYSHEADERS 1
| #define HAVE_SYS_TYPES_H 1
| #define HAVE_SYSHEADERS 1
| #define HAVE_NETDB_H 1
| #define HAVE_SYSHEADERS 1
| #define HAVE_GETOPT_H 1
| #define TIME_WITH_SYS_TIME 1
| #define STDC_HEADERS 1
| #define RETSIGTYPE void
| #define LSTAT_FOLLOWS_SLASHED_SYMLINK 1
| #define HAVE_GETTIMEOFDAY 1
| #define HAVE_MEMSET 1
| #define HAVE_SELECT 1
| #define HAVE_SOCKET 1
| #define HAVE_STRCASECMP 1
| #define HAVE_STRFTIME 1
| #define HAVE_STRSTR 1
| #define HAVE_GETOPT_LONG 1
| #define HAVE_STDINT_H 1
| #define HAVE_SOCKLEN_T 1
| #define _FILE_OFFSET_BITS 64
| /* end confdefs.h.  */
| 
| 		#include <stdio.h>
| 		#include <math.h>
| 
| int
| main ()
| {
| 
| 		double x;
| 		pow(x, x);
| 		return 0;
| 
|   ;
|   return 0;
| }
configure:5813: result: no
configure:5816: checking for pow in -lm
configure:5841: gcc -o conftest -g -O2  -pthread  -rdynamic conftest.c -lm   -ldl >&5
conftest.c:66:6: warning: conflicting types for built-in function 'pow' [enabled by default]
configure:5841: $? = 0
configure:5850: result: yes
configure:5867: checking for main in -luClibc++
configure:5886: g++ -o conftest -g -O2  -pthread  -rdynamic conftest.c -luClibc++   -ldl -lm >&5
/usr/bin/ld: cannot find -luClibc++
collect2: error: ld returned 1 exit status
configure:5886: $? = 1
configure: failed program was:
| /* confdefs.h */
| #define PACKAGE_NAME ""
| #define PACKAGE_TARNAME ""
| #define PACKAGE_VERSION ""
| #define PACKAGE_STRING ""
| #define PACKAGE_BUGREPORT ""
| #define PACKAGE_URL ""
| #define SYS_LINUX 1
| #define SYSCONF_LOC "/usr/local/etc"
| #define LOCALSTATE_DIR "/usr/local/var"
| #define BIN_LOC "/usr/local/bin"
| #define LIB_LOC "/usr/local/lib"
| #define DATA_LOC "/usr/local/share"
| #define STDC_HEADERS 1
| #define HAVE_SYS_TYPES_H 1
| #define HAVE_SYS_STAT_H 1
| #define HAVE_STDLIB_H 1
| #define HAVE_STRING_H 1
| #define HAVE_MEMORY_H 1
| #define HAVE_STRINGS_H 1
| #define HAVE_INTTYPES_H 1
| #define HAVE_STDINT_H 1
| #define HAVE_UNISTD_H 1
| #define HAVE_ERRNO_H 1
| #define HAVE_SYSHEADERS 1
| #define HAVE_STDLIB_H 1
| #define HAVE_SYSHEADERS 1
| #define HAVE_STRING_H 1
| #define HAVE_SYSHEADERS 1
| #define HAVE_SYS_SOCKET_H 1
| #define HAVE_SYSHEADERS 1
| #define HAVE_SYS_TIME_H 1
| #define HAVE_SYSHEADERS 1
| #define HAVE_SYS_WAIT_H 1
| #define HAVE_SYSHEADERS 1
| #define HAVE_UNISTD_H 1
| #define HAVE_SYSHEADERS 1
| #define HAVE_SYS_TYPES_H 1
| #define HAVE_SYSHEADERS 1
| #define HAVE_NETDB_H 1
| #define HAVE_SYSHEADERS 1
| #define HAVE_GETOPT_H 1
| #define TIME_WITH_SYS_TIME 1
| #define STDC_HEADERS 1
| #define RETSIGTYPE void
| #define LSTAT_FOLLOWS_SLASHED_SYMLINK 1
| #define HAVE_GETTIMEOFDAY 1
| #define HAVE_MEMSET 1
| #define HAVE_SELECT 1
| #define HAVE_SOCKET 1
| #define HAVE_STRCASECMP 1
| #define HAVE_STRFTIME 1
| #define HAVE_STRSTR 1
| #define HAVE_GETOPT_LONG 1
| #define HAVE_STDINT_H 1
| #define HAVE_SOCKLEN_T 1
| #define _FILE_OFFSET_BITS 64
| /* end confdefs.h.  */
| 
| 
| int
| main ()
| {
| return main ();
|   ;
|   return 0;
| }
configure:5895: result: no
configure:5904: checking for main in -lstdc++
configure:5923: g++ -o conftest -g -O2  -pthread  -rdynamic conftest.c -lstdc++   -ldl -lm >&5
configure:5923: $? = 0
configure:5932: result: yes
configure:5946: checking for group 'root'
configure:5953: result: yes
configure:5959: checking for group 'man'
configure:5991: checking for initscr in -lncurses
configure:6016: gcc -o conftest -g -O2  -pthread -I/usr/include/ncurses  -rdynamic conftest.c -lncurses   -ldl -lm >&5
configure:6016: $? = 0
configure:6025: result: yes
configure:6086: checking ncurses.h usability
configure:6086: gcc -c -g -O2  -pthread -I/usr/include/ncurses conftest.c >&5
configure:6086: $? = 0
configure:6086: result: yes
configure:6086: checking ncurses.h presence
configure:6086: gcc -E  -pthread -I/usr/include/ncurses conftest.c
configure:6086: $? = 0
configure:6086: result: yes
configure:6086: checking for ncurses.h
configure:6086: result: yes
configure:6106: checking for new_panel in -lpanel
configure:6131: gcc -o conftest -g -O2  -pthread -I/usr/include/ncurses  -rdynamic conftest.c -lpanel   -ldl -lm -lncurses >&5
configure:6131: $? = 0
configure:6140: result: yes
configure:6152: checking panel.h usability
configure:6152: gcc -c -g -O2  -pthread -I/usr/include/ncurses conftest.c >&5
configure:6152: $? = 0
configure:6152: result: yes
configure:6152: checking panel.h presence
configure:6152: gcc -E  -pthread -I/usr/include/ncurses conftest.c
configure:6152: $? = 0
configure:6152: result: yes
configure:6152: checking for panel.h
configure:6152: result: yes
configure:6176: checking for setproctitle
configure:6176: gcc -o conftest -g -O2  -pthread -I/usr/include/ncurses  -rdynamic conftest.c  -ldl -lm >&5
/tmp/ccrZGtf2.o: In function `main':
/tmp/kismet-fork/Kismet/conftest.c:95: undefined reference to `setproctitle'
collect2: error: ld returned 1 exit status
configure:6176: $? = 1
configure: failed program was:
| /* confdefs.h */
| #define PACKAGE_NAME ""
| #define PACKAGE_TARNAME ""
| #define PACKAGE_VERSION ""
| #define PACKAGE_STRING ""
| #define PACKAGE_BUGREPORT ""
| #define PACKAGE_URL ""
| #define SYS_LINUX 1
| #define SYSCONF_LOC "/usr/local/etc"
| #define LOCALSTATE_DIR "/usr/local/var"
| #define BIN_LOC "/usr/local/bin"
| #define LIB_LOC "/usr/local/lib"
| #define DATA_LOC "/usr/local/share"
| #define STDC_HEADERS 1
| #define HAVE_SYS_TYPES_H 1
| #define HAVE_SYS_STAT_H 1
| #define HAVE_STDLIB_H 1
| #define HAVE_STRING_H 1
| #define HAVE_MEMORY_H 1
| #define HAVE_STRINGS_H 1
| #define HAVE_INTTYPES_H 1
| #define HAVE_STDINT_H 1
| #define HAVE_UNISTD_H 1
| #define HAVE_ERRNO_H 1
| #define HAVE_SYSHEADERS 1
| #define HAVE_STDLIB_H 1
| #define HAVE_SYSHEADERS 1
| #define HAVE_STRING_H 1
| #define HAVE_SYSHEADERS 1
| #define HAVE_SYS_SOCKET_H 1
| #define HAVE_SYSHEADERS 1
| #define HAVE_SYS_TIME_H 1
| #define HAVE_SYSHEADERS 1
| #define HAVE_SYS_WAIT_H 1
| #define HAVE_SYSHEADERS 1
| #define HAVE_UNISTD_H 1
| #define HAVE_SYSHEADERS 1
| #define HAVE_SYS_TYPES_H 1
| #define HAVE_SYSHEADERS 1
| #define HAVE_NETDB_H 1
| #define HAVE_SYSHEADERS 1
| #define HAVE_GETOPT_H 1
| #define TIME_WITH_SYS_TIME 1
| #define STDC_HEADERS 1
| #define RETSIGTYPE void
| #define LSTAT_FOLLOWS_SLASHED_SYMLINK 1
| #define HAVE_GETTIMEOFDAY 1
| #define HAVE_MEMSET 1
| #define HAVE_SELECT 1
| #define HAVE_SOCKET 1
| #define HAVE_STRCASECMP 1
| #define HAVE_STRFTIME 1
| #define HAVE_STRSTR 1
| #define HAVE_GETOPT_LONG 1
| #define HAVE_STDINT_H 1
| #define HAVE_SOCKLEN_T 1
| #define _FILE_OFFSET_BITS 64
| #define HAVE_LIBNCURSES 1
| #define HAVE_LIBPANEL 1
| /* end confdefs.h.  */
| /* Define setproctitle to an innocuous variant, in case <limits.h> declares setproctitle.
|    For example, HP-UX 11i <limits.h> declares gettimeofday.  */
| #define setproctitle innocuous_setproctitle
| 
| /* System header to define __stub macros and hopefully few prototypes,
|     which can conflict with char setproctitle (); below.
|     Prefer <limits.h> to <assert.h> if __STDC__ is defined, since
|     <limits.h> exists even on freestanding compilers.  */
| 
| #ifdef __STDC__
| # include <limits.h>
| #else
| # include <assert.h>
| #endif
| 
| #undef setproctitle
| 
| /* Override any GCC internal prototype to avoid an error.
|    Use char because int might match the return type of a GCC
|    builtin and then its argument prototype would still apply.  */
| #ifdef __cplusplus
| extern "C"
| #endif
| char setproctitle ();
| /* The GNU C library defines this for functions which it implements
|     to always fail with ENOSYS.  Some functions are actually named
|     something starting with __ and the normal name is an alias.  */
| #if defined __stub_setproctitle || defined __stub___setproctitle
| choke me
| #endif
| 
| int
| main ()
| {
| return setproctitle ();
|   ;
|   return 0;
| }
configure:6176: result: no
configure:6187: checking libutil.h usability
configure:6187: gcc -c -g -O2  -pthread -I/usr/include/ncurses conftest.c >&5
conftest.c:94:21: fatal error: libutil.h: No such file or directory
compilation terminated.
configure:6187: $? = 1
configure: failed program was:
| /* confdefs.h */
| #define PACKAGE_NAME ""
| #define PACKAGE_TARNAME ""
| #define PACKAGE_VERSION ""
| #define PACKAGE_STRING ""
| #define PACKAGE_BUGREPORT ""
| #define PACKAGE_URL ""
| #define SYS_LINUX 1
| #define SYSCONF_LOC "/usr/local/etc"
| #define LOCALSTATE_DIR "/usr/local/var"
| #define BIN_LOC "/usr/local/bin"
| #define LIB_LOC "/usr/local/lib"
| #define DATA_LOC "/usr/local/share"
| #define STDC_HEADERS 1
| #define HAVE_SYS_TYPES_H 1
| #define HAVE_SYS_STAT_H 1
| #define HAVE_STDLIB_H 1
| #define HAVE_STRING_H 1
| #define HAVE_MEMORY_H 1
| #define HAVE_STRINGS_H 1
| #define HAVE_INTTYPES_H 1
| #define HAVE_STDINT_H 1
| #define HAVE_UNISTD_H 1
| #define HAVE_ERRNO_H 1
| #define HAVE_SYSHEADERS 1
| #define HAVE_STDLIB_H 1
| #define HAVE_SYSHEADERS 1
| #define HAVE_STRING_H 1
| #define HAVE_SYSHEADERS 1
| #define HAVE_SYS_SOCKET_H 1
| #define HAVE_SYSHEADERS 1
| #define HAVE_SYS_TIME_H 1
| #define HAVE_SYSHEADERS 1
| #define HAVE_SYS_WAIT_H 1
| #define HAVE_SYSHEADERS 1
| #define HAVE_UNISTD_H 1
| #define HAVE_SYSHEADERS 1
| #define HAVE_SYS_TYPES_H 1
| #define HAVE_SYSHEADERS 1
| #define HAVE_NETDB_H 1
| #define HAVE_SYSHEADERS 1
| #define HAVE_GETOPT_H 1
| #define TIME_WITH_SYS_TIME 1
| #define STDC_HEADERS 1
| #define RETSIGTYPE void
| #define LSTAT_FOLLOWS_SLASHED_SYMLINK 1
| #define HAVE_GETTIMEOFDAY 1
| #define HAVE_MEMSET 1
| #define HAVE_SELECT 1
| #define HAVE_SOCKET 1
| #define HAVE_STRCASECMP 1
| #define HAVE_STRFTIME 1
| #define HAVE_STRSTR 1
| #define HAVE_GETOPT_LONG 1
| #define HAVE_STDINT_H 1
| #define HAVE_SOCKLEN_T 1
| #define _FILE_OFFSET_BITS 64
| #define HAVE_LIBNCURSES 1
| #define HAVE_LIBPANEL 1
| /* end confdefs.h.  */
| #include <stdio.h>
| #ifdef HAVE_SYS_TYPES_H
| # include <sys/types.h>
| #endif
| #ifdef HAVE_SYS_STAT_H
| # include <sys/stat.h>
| #endif
| #ifdef STDC_HEADERS
| # include <stdlib.h>
| # include <stddef.h>
| #else
| # ifdef HAVE_STDLIB_H
| #  include <stdlib.h>
| # endif
| #endif
| #ifdef HAVE_STRING_H
| # if !defined STDC_HEADERS && defined HAVE_MEMORY_H
| #  include <memory.h>
| # endif
| # include <string.h>
| #endif
| #ifdef HAVE_STRINGS_H
| # include <strings.h>
| #endif
| #ifdef HAVE_INTTYPES_H
| # include <inttypes.h>
| #endif
| #ifdef HAVE_STDINT_H
| # include <stdint.h>
| #endif
| #ifdef HAVE_UNISTD_H
| # include <unistd.h>
| #endif
| #include <libutil.h>
configure:6187: result: no
configure:6187: checking libutil.h presence
configure:6187: gcc -E  -pthread -I/usr/include/ncurses conftest.c
conftest.c:61:21: fatal error: libutil.h: No such file or directory
compilation terminated.
configure:6187: $? = 1
configure: failed program was:
| /* confdefs.h */
| #define PACKAGE_NAME ""
| #define PACKAGE_TARNAME ""
| #define PACKAGE_VERSION ""
| #define PACKAGE_STRING ""
| #define PACKAGE_BUGREPORT ""
| #define PACKAGE_URL ""
| #define SYS_LINUX 1
| #define SYSCONF_LOC "/usr/local/etc"
| #define LOCALSTATE_DIR "/usr/local/var"
| #define BIN_LOC "/usr/local/bin"
| #define LIB_LOC "/usr/local/lib"
| #define DATA_LOC "/usr/local/share"
| #define STDC_HEADERS 1
| #define HAVE_SYS_TYPES_H 1
| #define HAVE_SYS_STAT_H 1
| #define HAVE_STDLIB_H 1
| #define HAVE_STRING_H 1
| #define HAVE_MEMORY_H 1
| #define HAVE_STRINGS_H 1
| #define HAVE_INTTYPES_H 1
| #define HAVE_STDINT_H 1
| #define HAVE_UNISTD_H 1
| #define HAVE_ERRNO_H 1
| #define HAVE_SYSHEADERS 1
| #define HAVE_STDLIB_H 1
| #define HAVE_SYSHEADERS 1
| #define HAVE_STRING_H 1
| #define HAVE_SYSHEADERS 1
| #define HAVE_SYS_SOCKET_H 1
| #define HAVE_SYSHEADERS 1
| #define HAVE_SYS_TIME_H 1
| #define HAVE_SYSHEADERS 1
| #define HAVE_SYS_WAIT_H 1
| #define HAVE_SYSHEADERS 1
| #define HAVE_UNISTD_H 1
| #define HAVE_SYSHEADERS 1
| #define HAVE_SYS_TYPES_H 1
| #define HAVE_SYSHEADERS 1
| #define HAVE_NETDB_H 1
| #define HAVE_SYSHEADERS 1
| #define HAVE_GETOPT_H 1
| #define TIME_WITH_SYS_TIME 1
| #define STDC_HEADERS 1
| #define RETSIGTYPE void
| #define LSTAT_FOLLOWS_SLASHED_SYMLINK 1
| #define HAVE_GETTIMEOFDAY 1
| #define HAVE_MEMSET 1
| #define HAVE_SELECT 1
| #define HAVE_SOCKET 1
| #define HAVE_STRCASECMP 1
| #define HAVE_STRFTIME 1
| #define HAVE_STRSTR 1
| #define HAVE_GETOPT_LONG 1
| #define HAVE_STDINT_H 1
| #define HAVE_SOCKLEN_T 1
| #define _FILE_OFFSET_BITS 64
| #define HAVE_LIBNCURSES 1
| #define HAVE_LIBPANEL 1
| /* end confdefs.h.  */
| #include <libutil.h>
configure:6187: result: no
configure:6187: checking for libutil.h
configure:6187: result: no
configure:6197: checking for setproctitle in -lutil
configure:6222: gcc -o conftest -g -O2  -pthread -I/usr/include/ncurses  -rdynamic conftest.c -lutil   -ldl -lm >&5
/tmp/ccVnGWT6.o: In function `main':
/tmp/kismet-fork/Kismet/conftest.c:72: undefined reference to `setproctitle'
collect2: error: ld returned 1 exit status
configure:6222: $? = 1
configure: failed program was:
| /* confdefs.h */
| #define PACKAGE_NAME ""
| #define PACKAGE_TARNAME ""
| #define PACKAGE_VERSION ""
| #define PACKAGE_STRING ""
| #define PACKAGE_BUGREPORT ""
| #define PACKAGE_URL ""
| #define SYS_LINUX 1
| #define SYSCONF_LOC "/usr/local/etc"
| #define LOCALSTATE_DIR "/usr/local/var"
| #define BIN_LOC "/usr/local/bin"
| #define LIB_LOC "/usr/local/lib"
| #define DATA_LOC "/usr/local/share"
| #define STDC_HEADERS 1
| #define HAVE_SYS_TYPES_H 1
| #define HAVE_SYS_STAT_H 1
| #define HAVE_STDLIB_H 1
| #define HAVE_STRING_H 1
| #define HAVE_MEMORY_H 1
| #define HAVE_STRINGS_H 1
| #define HAVE_INTTYPES_H 1
| #define HAVE_STDINT_H 1
| #define HAVE_UNISTD_H 1
| #define HAVE_ERRNO_H 1
| #define HAVE_SYSHEADERS 1
| #define HAVE_STDLIB_H 1
| #define HAVE_SYSHEADERS 1
| #define HAVE_STRING_H 1
| #define HAVE_SYSHEADERS 1
| #define HAVE_SYS_SOCKET_H 1
| #define HAVE_SYSHEADERS 1
| #define HAVE_SYS_TIME_H 1
| #define HAVE_SYSHEADERS 1
| #define HAVE_SYS_WAIT_H 1
| #define HAVE_SYSHEADERS 1
| #define HAVE_UNISTD_H 1
| #define HAVE_SYSHEADERS 1
| #define HAVE_SYS_TYPES_H 1
| #define HAVE_SYSHEADERS 1
| #define HAVE_NETDB_H 1
| #define HAVE_SYSHEADERS 1
| #define HAVE_GETOPT_H 1
| #define TIME_WITH_SYS_TIME 1
| #define STDC_HEADERS 1
| #define RETSIGTYPE void
| #define LSTAT_FOLLOWS_SLASHED_SYMLINK 1
| #define HAVE_GETTIMEOFDAY 1
| #define HAVE_MEMSET 1
| #define HAVE_SELECT 1
| #define HAVE_SOCKET 1
| #define HAVE_STRCASECMP 1
| #define HAVE_STRFTIME 1
| #define HAVE_STRSTR 1
| #define HAVE_GETOPT_LONG 1
| #define HAVE_STDINT_H 1
| #define HAVE_SOCKLEN_T 1
| #define _FILE_OFFSET_BITS 64
| #define HAVE_LIBNCURSES 1
| #define HAVE_LIBPANEL 1
| /* end confdefs.h.  */
| 
| /* Override any GCC internal prototype to avoid an error.
|    Use char because int might match the return type of a GCC
|    builtin and then its argument prototype would still apply.  */
| #ifdef __cplusplus
| extern "C"
| #endif
| char setproctitle ();
| int
| main ()
| {
| return setproctitle ();
|   ;
|   return 0;
| }
configure:6231: result: no
configure:6248: checking sys/pstat.h usability
configure:6248: gcc -c -g -O2  -pthread -I/usr/include/ncurses conftest.c >&5
conftest.c:94:23: fatal error: sys/pstat.h: No such file or directory
compilation terminated.
configure:6248: $? = 1
configure: failed program was:
| /* confdefs.h */
| #define PACKAGE_NAME ""
| #define PACKAGE_TARNAME ""
| #define PACKAGE_VERSION ""
| #define PACKAGE_STRING ""
| #define PACKAGE_BUGREPORT ""
| #define PACKAGE_URL ""
| #define SYS_LINUX 1
| #define SYSCONF_LOC "/usr/local/etc"
| #define LOCALSTATE_DIR "/usr/local/var"
| #define BIN_LOC "/usr/local/bin"
| #define LIB_LOC "/usr/local/lib"
| #define DATA_LOC "/usr/local/share"
| #define STDC_HEADERS 1
| #define HAVE_SYS_TYPES_H 1
| #define HAVE_SYS_STAT_H 1
| #define HAVE_STDLIB_H 1
| #define HAVE_STRING_H 1
| #define HAVE_MEMORY_H 1
| #define HAVE_STRINGS_H 1
| #define HAVE_INTTYPES_H 1
| #define HAVE_STDINT_H 1
| #define HAVE_UNISTD_H 1
| #define HAVE_ERRNO_H 1
| #define HAVE_SYSHEADERS 1
| #define HAVE_STDLIB_H 1
| #define HAVE_SYSHEADERS 1
| #define HAVE_STRING_H 1
| #define HAVE_SYSHEADERS 1
| #define HAVE_SYS_SOCKET_H 1
| #define HAVE_SYSHEADERS 1
| #define HAVE_SYS_TIME_H 1
| #define HAVE_SYSHEADERS 1
| #define HAVE_SYS_WAIT_H 1
| #define HAVE_SYSHEADERS 1
| #define HAVE_UNISTD_H 1
| #define HAVE_SYSHEADERS 1
| #define HAVE_SYS_TYPES_H 1
| #define HAVE_SYSHEADERS 1
| #define HAVE_NETDB_H 1
| #define HAVE_SYSHEADERS 1
| #define HAVE_GETOPT_H 1
| #define TIME_WITH_SYS_TIME 1
| #define STDC_HEADERS 1
| #define RETSIGTYPE void
| #define LSTAT_FOLLOWS_SLASHED_SYMLINK 1
| #define HAVE_GETTIMEOFDAY 1
| #define HAVE_MEMSET 1
| #define HAVE_SELECT 1
| #define HAVE_SOCKET 1
| #define HAVE_STRCASECMP 1
| #define HAVE_STRFTIME 1
| #define HAVE_STRSTR 1
| #define HAVE_GETOPT_LONG 1
| #define HAVE_STDINT_H 1
| #define HAVE_SOCKLEN_T 1
| #define _FILE_OFFSET_BITS 64
| #define HAVE_LIBNCURSES 1
| #define HAVE_LIBPANEL 1
| /* end confdefs.h.  */
| #include <stdio.h>
| #ifdef HAVE_SYS_TYPES_H
| # include <sys/types.h>
| #endif
| #ifdef HAVE_SYS_STAT_H
| # include <sys/stat.h>
| #endif
| #ifdef STDC_HEADERS
| # include <stdlib.h>
| # include <stddef.h>
| #else
| # ifdef HAVE_STDLIB_H
| #  include <stdlib.h>
| # endif
| #endif
| #ifdef HAVE_STRING_H
| # if !defined STDC_HEADERS && defined HAVE_MEMORY_H
| #  include <memory.h>
| # endif
| # include <string.h>
| #endif
| #ifdef HAVE_STRINGS_H
| # include <strings.h>
| #endif
| #ifdef HAVE_INTTYPES_H
| # include <inttypes.h>
| #endif
| #ifdef HAVE_STDINT_H
| # include <stdint.h>
| #endif
| #ifdef HAVE_UNISTD_H
| # include <unistd.h>
| #endif
| #include <sys/pstat.h>
configure:6248: result: no
configure:6248: checking sys/pstat.h presence
configure:6248: gcc -E  -pthread -I/usr/include/ncurses conftest.c
conftest.c:61:23: fatal error: sys/pstat.h: No such file or directory
compilation terminated.
configure:6248: $? = 1
configure: failed program was:
| /* confdefs.h */
| #define PACKAGE_NAME ""
| #define PACKAGE_TARNAME ""
| #define PACKAGE_VERSION ""
| #define PACKAGE_STRING ""
| #define PACKAGE_BUGREPORT ""
| #define PACKAGE_URL ""
| #define SYS_LINUX 1
| #define SYSCONF_LOC "/usr/local/etc"
| #define LOCALSTATE_DIR "/usr/local/var"
| #define BIN_LOC "/usr/local/bin"
| #define LIB_LOC "/usr/local/lib"
| #define DATA_LOC "/usr/local/share"
| #define STDC_HEADERS 1
| #define HAVE_SYS_TYPES_H 1
| #define HAVE_SYS_STAT_H 1
| #define HAVE_STDLIB_H 1
| #define HAVE_STRING_H 1
| #define HAVE_MEMORY_H 1
| #define HAVE_STRINGS_H 1
| #define HAVE_INTTYPES_H 1
| #define HAVE_STDINT_H 1
| #define HAVE_UNISTD_H 1
| #define HAVE_ERRNO_H 1
| #define HAVE_SYSHEADERS 1
| #define HAVE_STDLIB_H 1
| #define HAVE_SYSHEADERS 1
| #define HAVE_STRING_H 1
| #define HAVE_SYSHEADERS 1
| #define HAVE_SYS_SOCKET_H 1
| #define HAVE_SYSHEADERS 1
| #define HAVE_SYS_TIME_H 1
| #define HAVE_SYSHEADERS 1
| #define HAVE_SYS_WAIT_H 1
| #define HAVE_SYSHEADERS 1
| #define HAVE_UNISTD_H 1
| #define HAVE_SYSHEADERS 1
| #define HAVE_SYS_TYPES_H 1
| #define HAVE_SYSHEADERS 1
| #define HAVE_NETDB_H 1
| #define HAVE_SYSHEADERS 1
| #define HAVE_GETOPT_H 1
| #define TIME_WITH_SYS_TIME 1
| #define STDC_HEADERS 1
| #define RETSIGTYPE void
| #define LSTAT_FOLLOWS_SLASHED_SYMLINK 1
| #define HAVE_GETTIMEOFDAY 1
| #define HAVE_MEMSET 1
| #define HAVE_SELECT 1
| #define HAVE_SOCKET 1
| #define HAVE_STRCASECMP 1
| #define HAVE_STRFTIME 1
| #define HAVE_STRSTR 1
| #define HAVE_GETOPT_LONG 1
| #define HAVE_STDINT_H 1
| #define HAVE_SOCKLEN_T 1
| #define _FILE_OFFSET_BITS 64
| #define HAVE_LIBNCURSES 1
| #define HAVE_LIBPANEL 1
| /* end confdefs.h.  */
| #include <sys/pstat.h>
configure:6248: result: no
configure:6248: checking for sys/pstat.h
configure:6248: result: no
conftest.c:61:22: fatal error: sys/exec.h: No such file or directory
compilation terminated.
configure:6308: checking whether __progname and __progname_full are available
configure:6324: gcc -o conftest -g -O2  -pthread -I/usr/include/ncurses  -rdynamic conftest.c  -ldl -lm >&5
configure:6324: $? = 0
configure:6332: result: yes
configure:6341: checking which argv replacement method to use
configure:6363: result: writeable
configure:6410: checking for linux/wireless.h
configure:6410: gcc -c -g -O2  -pthread -I/usr/include/ncurses conftest.c >&5
configure:6410: $? = 0
configure:6410: result: yes
configure:6428: checking that linux/wireless.h is what we expect
configure:6454: gcc -o conftest -g -O2  -pthread -I/usr/include/ncurses  -rdynamic conftest.c  -ldl -lm >&5
configure:6454: $? = 0
configure:6466: result: yes
configure:6475: checking can we use iw_freq.flags
configure:6498: gcc -o conftest -g -O2  -pthread -I/usr/include/ncurses  -rdynamic conftest.c  -ldl -lm >&5
configure:6498: $? = 0
configure:6510: result: yes
configure:6534: checking for cap_init in -lcap
configure:6559: gcc -o conftest -g -O2  -pthread -I/usr/include/ncurses  -rdynamic conftest.c -lcap   -ldl -lm >&5
/usr/bin/ld: cannot find -lcap
collect2: error: ld returned 1 exit status
configure:6559: $? = 1
configure: failed program was:
| /* confdefs.h */
| #define PACKAGE_NAME ""
| #define PACKAGE_TARNAME ""
| #define PACKAGE_VERSION ""
| #define PACKAGE_STRING ""
| #define PACKAGE_BUGREPORT ""
| #define PACKAGE_URL ""
| #define SYS_LINUX 1
| #define SYSCONF_LOC "/usr/local/etc"
| #define LOCALSTATE_DIR "/usr/local/var"
| #define BIN_LOC "/usr/local/bin"
| #define LIB_LOC "/usr/local/lib"
| #define DATA_LOC "/usr/local/share"
| #define STDC_HEADERS 1
| #define HAVE_SYS_TYPES_H 1
| #define HAVE_SYS_STAT_H 1
| #define HAVE_STDLIB_H 1
| #define HAVE_STRING_H 1
| #define HAVE_MEMORY_H 1
| #define HAVE_STRINGS_H 1
| #define HAVE_INTTYPES_H 1
| #define HAVE_STDINT_H 1
| #define HAVE_UNISTD_H 1
| #define HAVE_ERRNO_H 1
| #define HAVE_SYSHEADERS 1
| #define HAVE_STDLIB_H 1
| #define HAVE_SYSHEADERS 1
| #define HAVE_STRING_H 1
| #define HAVE_SYSHEADERS 1
| #define HAVE_SYS_SOCKET_H 1
| #define HAVE_SYSHEADERS 1
| #define HAVE_SYS_TIME_H 1
| #define HAVE_SYSHEADERS 1
| #define HAVE_SYS_WAIT_H 1
| #define HAVE_SYSHEADERS 1
| #define HAVE_UNISTD_H 1
| #define HAVE_SYSHEADERS 1
| #define HAVE_SYS_TYPES_H 1
| #define HAVE_SYSHEADERS 1
| #define HAVE_NETDB_H 1
| #define HAVE_SYSHEADERS 1
| #define HAVE_GETOPT_H 1
| #define TIME_WITH_SYS_TIME 1
| #define STDC_HEADERS 1
| #define RETSIGTYPE void
| #define LSTAT_FOLLOWS_SLASHED_SYMLINK 1
| #define HAVE_GETTIMEOFDAY 1
| #define HAVE_MEMSET 1
| #define HAVE_SELECT 1
| #define HAVE_SOCKET 1
| #define HAVE_STRCASECMP 1
| #define HAVE_STRFTIME 1
| #define HAVE_STRSTR 1
| #define HAVE_GETOPT_LONG 1
| #define HAVE_STDINT_H 1
| #define HAVE_SOCKLEN_T 1
| #define _FILE_OFFSET_BITS 64
| #define HAVE_LIBNCURSES 1
| #define HAVE_LIBPANEL 1
| #define HAVE___PROGNAME 1
| #define PF_ARGV_TYPE PF_ARGV_WRITEABLE
| #define HAVE_LINUX_WIRELESS 1
| #define HAVE_LINUX_IWFREQFLAG 1
| /* end confdefs.h.  */
| 
| /* Override any GCC internal prototype to avoid an error.
|    Use char because int might match the return type of a GCC
|    builtin and then its argument prototype would still apply.  */
| #ifdef __cplusplus
| extern "C"
| #endif
| char cap_init ();
| int
| main ()
| {
| return cap_init ();
|   ;
|   return 0;
| }
configure:6568: result: no
configure:6581: checking sys/prctl.h usability
configure:6581: gcc -c -g -O2  -pthread -I/usr/include/ncurses conftest.c >&5
configure:6581: $? = 0
configure:6581: result: yes
configure:6581: checking sys/prctl.h presence
configure:6581: gcc -E  -pthread -I/usr/include/ncurses conftest.c
configure:6581: $? = 0
configure:6581: result: yes
configure:6581: checking for sys/prctl.h
configure:6581: result: yes
configure:6589: checking sys/capability.h usability
configure:6589: gcc -c -g -O2  -pthread -I/usr/include/ncurses conftest.c >&5
conftest.c:98:28: fatal error: sys/capability.h: No such file or directory
compilation terminated.
configure:6589: $? = 1
configure: failed program was:
| /* confdefs.h */
| #define PACKAGE_NAME ""
| #define PACKAGE_TARNAME ""
| #define PACKAGE_VERSION ""
| #define PACKAGE_STRING ""
| #define PACKAGE_BUGREPORT ""
| #define PACKAGE_URL ""
| #define SYS_LINUX 1
| #define SYSCONF_LOC "/usr/local/etc"
| #define LOCALSTATE_DIR "/usr/local/var"
| #define BIN_LOC "/usr/local/bin"
| #define LIB_LOC "/usr/local/lib"
| #define DATA_LOC "/usr/local/share"
| #define STDC_HEADERS 1
| #define HAVE_SYS_TYPES_H 1
| #define HAVE_SYS_STAT_H 1
| #define HAVE_STDLIB_H 1
| #define HAVE_STRING_H 1
| #define HAVE_MEMORY_H 1
| #define HAVE_STRINGS_H 1
| #define HAVE_INTTYPES_H 1
| #define HAVE_STDINT_H 1
| #define HAVE_UNISTD_H 1
| #define HAVE_ERRNO_H 1
| #define HAVE_SYSHEADERS 1
| #define HAVE_STDLIB_H 1
| #define HAVE_SYSHEADERS 1
| #define HAVE_STRING_H 1
| #define HAVE_SYSHEADERS 1
| #define HAVE_SYS_SOCKET_H 1
| #define HAVE_SYSHEADERS 1
| #define HAVE_SYS_TIME_H 1
| #define HAVE_SYSHEADERS 1
| #define HAVE_SYS_WAIT_H 1
| #define HAVE_SYSHEADERS 1
| #define HAVE_UNISTD_H 1
| #define HAVE_SYSHEADERS 1
| #define HAVE_SYS_TYPES_H 1
| #define HAVE_SYSHEADERS 1
| #define HAVE_NETDB_H 1
| #define HAVE_SYSHEADERS 1
| #define HAVE_GETOPT_H 1
| #define TIME_WITH_SYS_TIME 1
| #define STDC_HEADERS 1
| #define RETSIGTYPE void
| #define LSTAT_FOLLOWS_SLASHED_SYMLINK 1
| #define HAVE_GETTIMEOFDAY 1
| #define HAVE_MEMSET 1
| #define HAVE_SELECT 1
| #define HAVE_SOCKET 1
| #define HAVE_STRCASECMP 1
| #define HAVE_STRFTIME 1
| #define HAVE_STRSTR 1
| #define HAVE_GETOPT_LONG 1
| #define HAVE_STDINT_H 1
| #define HAVE_SOCKLEN_T 1
| #define _FILE_OFFSET_BITS 64
| #define HAVE_LIBNCURSES 1
| #define HAVE_LIBPANEL 1
| #define HAVE___PROGNAME 1
| #define PF_ARGV_TYPE PF_ARGV_WRITEABLE
| #define HAVE_LINUX_WIRELESS 1
| #define HAVE_LINUX_IWFREQFLAG 1
| /* end confdefs.h.  */
| #include <stdio.h>
| #ifdef HAVE_SYS_TYPES_H
| # include <sys/types.h>
| #endif
| #ifdef HAVE_SYS_STAT_H
| # include <sys/stat.h>
| #endif
| #ifdef STDC_HEADERS
| # include <stdlib.h>
| # include <stddef.h>
| #else
| # ifdef HAVE_STDLIB_H
| #  include <stdlib.h>
| # endif
| #endif
| #ifdef HAVE_STRING_H
| # if !defined STDC_HEADERS && defined HAVE_MEMORY_H
| #  include <memory.h>
| # endif
| # include <string.h>
| #endif
| #ifdef HAVE_STRINGS_H
| # include <strings.h>
| #endif
| #ifdef HAVE_INTTYPES_H
| # include <inttypes.h>
| #endif
| #ifdef HAVE_STDINT_H
| # include <stdint.h>
| #endif
| #ifdef HAVE_UNISTD_H
| # include <unistd.h>
| #endif
| #include <sys/capability.h>
configure:6589: result: no
configure:6589: checking sys/capability.h presence
configure:6589: gcc -E  -pthread -I/usr/include/ncurses conftest.c
conftest.c:65:28: fatal error: sys/capability.h: No such file or directory
compilation terminated.
configure:6589: $? = 1
configure: failed program was:
| /* confdefs.h */
| #define PACKAGE_NAME ""
| #define PACKAGE_TARNAME ""
| #define PACKAGE_VERSION ""
| #define PACKAGE_STRING ""
| #define PACKAGE_BUGREPORT ""
| #define PACKAGE_URL ""
| #define SYS_LINUX 1
| #define SYSCONF_LOC "/usr/local/etc"
| #define LOCALSTATE_DIR "/usr/local/var"
| #define BIN_LOC "/usr/local/bin"
| #define LIB_LOC "/usr/local/lib"
| #define DATA_LOC "/usr/local/share"
| #define STDC_HEADERS 1
| #define HAVE_SYS_TYPES_H 1
| #define HAVE_SYS_STAT_H 1
| #define HAVE_STDLIB_H 1
| #define HAVE_STRING_H 1
| #define HAVE_MEMORY_H 1
| #define HAVE_STRINGS_H 1
| #define HAVE_INTTYPES_H 1
| #define HAVE_STDINT_H 1
| #define HAVE_UNISTD_H 1
| #define HAVE_ERRNO_H 1
| #define HAVE_SYSHEADERS 1
| #define HAVE_STDLIB_H 1
| #define HAVE_SYSHEADERS 1
| #define HAVE_STRING_H 1
| #define HAVE_SYSHEADERS 1
| #define HAVE_SYS_SOCKET_H 1
| #define HAVE_SYSHEADERS 1
| #define HAVE_SYS_TIME_H 1
| #define HAVE_SYSHEADERS 1
| #define HAVE_SYS_WAIT_H 1
| #define HAVE_SYSHEADERS 1
| #define HAVE_UNISTD_H 1
| #define HAVE_SYSHEADERS 1
| #define HAVE_SYS_TYPES_H 1
| #define HAVE_SYSHEADERS 1
| #define HAVE_NETDB_H 1
| #define HAVE_SYSHEADERS 1
| #define HAVE_GETOPT_H 1
| #define TIME_WITH_SYS_TIME 1
| #define STDC_HEADERS 1
| #define RETSIGTYPE void
| #define LSTAT_FOLLOWS_SLASHED_SYMLINK 1
| #define HAVE_GETTIMEOFDAY 1
| #define HAVE_MEMSET 1
| #define HAVE_SELECT 1
| #define HAVE_SOCKET 1
| #define HAVE_STRCASECMP 1
| #define HAVE_STRFTIME 1
| #define HAVE_STRSTR 1
| #define HAVE_GETOPT_LONG 1
| #define HAVE_STDINT_H 1
| #define HAVE_SOCKLEN_T 1
| #define _FILE_OFFSET_BITS 64
| #define HAVE_LIBNCURSES 1
| #define HAVE_LIBPANEL 1
| #define HAVE___PROGNAME 1
| #define PF_ARGV_TYPE PF_ARGV_WRITEABLE
| #define HAVE_LINUX_WIRELESS 1
| #define HAVE_LINUX_IWFREQFLAG 1
| /* end confdefs.h.  */
| #include <sys/capability.h>
configure:6589: result: no
configure:6589: checking for sys/capability.h
configure:6589: result: no
configure:6632: checking for pcre_compile in -lpcre
configure:6657: gcc -o conftest -g -O2  -pthread -I/usr/include/ncurses  -rdynamic conftest.c -lpcre   -ldl -lm >&5
configure:6657: $? = 0
configure:6666: result: yes
configure:6683: checking pcre.h usability
configure:6683: gcc -c -g -O2  -pthread -I/usr/include/ncurses conftest.c >&5
configure:6683: $? = 0
configure:6683: result: yes
configure:6683: checking pcre.h presence
configure:6683: gcc -E  -pthread -I/usr/include/ncurses conftest.c
configure:6683: $? = 0
configure:6683: result: yes
configure:6683: checking for pcre.h
configure:6683: result: yes
configure:6786: checking for pcap_open_live in -lpcap
configure:6811: gcc -o conftest -g -O2  -pthread -I/usr/include/ncurses  -rdynamic conftest.c -lpcap   -ldl -lm -lpcre >&5
/usr/bin/ld: cannot find -lpcap
collect2: error: ld returned 1 exit status
configure:6811: $? = 1
configure: failed program was:
| /* confdefs.h */
| #define PACKAGE_NAME ""
| #define PACKAGE_TARNAME ""
| #define PACKAGE_VERSION ""
| #define PACKAGE_STRING ""
| #define PACKAGE_BUGREPORT ""
| #define PACKAGE_URL ""
| #define SYS_LINUX 1
| #define SYSCONF_LOC "/usr/local/etc"
| #define LOCALSTATE_DIR "/usr/local/var"
| #define BIN_LOC "/usr/local/bin"
| #define LIB_LOC "/usr/local/lib"
| #define DATA_LOC "/usr/local/share"
| #define STDC_HEADERS 1
| #define HAVE_SYS_TYPES_H 1
| #define HAVE_SYS_STAT_H 1
| #define HAVE_STDLIB_H 1
| #define HAVE_STRING_H 1
| #define HAVE_MEMORY_H 1
| #define HAVE_STRINGS_H 1
| #define HAVE_INTTYPES_H 1
| #define HAVE_STDINT_H 1
| #define HAVE_UNISTD_H 1
| #define HAVE_ERRNO_H 1
| #define HAVE_SYSHEADERS 1
| #define HAVE_STDLIB_H 1
| #define HAVE_SYSHEADERS 1
| #define HAVE_STRING_H 1
| #define HAVE_SYSHEADERS 1
| #define HAVE_SYS_SOCKET_H 1
| #define HAVE_SYSHEADERS 1
| #define HAVE_SYS_TIME_H 1
| #define HAVE_SYSHEADERS 1
| #define HAVE_SYS_WAIT_H 1
| #define HAVE_SYSHEADERS 1
| #define HAVE_UNISTD_H 1
| #define HAVE_SYSHEADERS 1
| #define HAVE_SYS_TYPES_H 1
| #define HAVE_SYSHEADERS 1
| #define HAVE_NETDB_H 1
| #define HAVE_SYSHEADERS 1
| #define HAVE_GETOPT_H 1
| #define TIME_WITH_SYS_TIME 1
| #define STDC_HEADERS 1
| #define RETSIGTYPE void
| #define LSTAT_FOLLOWS_SLASHED_SYMLINK 1
| #define HAVE_GETTIMEOFDAY 1
| #define HAVE_MEMSET 1
| #define HAVE_SELECT 1
| #define HAVE_SOCKET 1
| #define HAVE_STRCASECMP 1
| #define HAVE_STRFTIME 1
| #define HAVE_STRSTR 1
| #define HAVE_GETOPT_LONG 1
| #define HAVE_STDINT_H 1
| #define HAVE_SOCKLEN_T 1
| #define _FILE_OFFSET_BITS 64
| #define HAVE_LIBNCURSES 1
| #define HAVE_LIBPANEL 1
| #define HAVE___PROGNAME 1
| #define PF_ARGV_TYPE PF_ARGV_WRITEABLE
| #define HAVE_LINUX_WIRELESS 1
| #define HAVE_LINUX_IWFREQFLAG 1
| #define HAVE_LIBPCRE 1
| /* end confdefs.h.  */
| 
| /* Override any GCC internal prototype to avoid an error.
|    Use char because int might match the return type of a GCC
|    builtin and then its argument prototype would still apply.  */
| #ifdef __cplusplus
| extern "C"
| #endif
| char pcap_open_live ();
| int
| main ()
| {
| return pcap_open_live ();
|   ;
|   return 0;
| }
configure:6821: result: no
configure:6828: WARNING: Compiling without libpcap support.
configure:7047: error: Could not find working libpcap.  Libpcap is vital for the majority of capture sources Kismet supports.  It must be explicitly disabled.

## ---------------- ##
## Cache variables. ##
## ---------------- ##

ac_cv_build=i686-pc-linux-gnu
ac_cv_c_bigendian=no
ac_cv_c_compiler_gnu=yes
ac_cv_c_const=yes
ac_cv_cxx_compiler_gnu=yes
ac_cv_env_CCC_set=
ac_cv_env_CCC_value=
ac_cv_env_CC_set=
ac_cv_env_CC_value=
ac_cv_env_CFLAGS_set=
ac_cv_env_CFLAGS_value=
ac_cv_env_CPPFLAGS_set=
ac_cv_env_CPPFLAGS_value=
ac_cv_env_CPP_set=
ac_cv_env_CPP_value=
ac_cv_env_CXXFLAGS_set=
ac_cv_env_CXXFLAGS_value=
ac_cv_env_CXX_set=
ac_cv_env_CXX_value=
ac_cv_env_LDFLAGS_set=
ac_cv_env_LDFLAGS_value=
ac_cv_env_LIBS_set=
ac_cv_env_LIBS_value=
ac_cv_env_PKG_CONFIG_LIBDIR_set=
ac_cv_env_PKG_CONFIG_LIBDIR_value=
ac_cv_env_PKG_CONFIG_PATH_set=
ac_cv_env_PKG_CONFIG_PATH_value=
ac_cv_env_PKG_CONFIG_set=
ac_cv_env_PKG_CONFIG_value=
ac_cv_env_build_alias_set=
ac_cv_env_build_alias_value=
ac_cv_env_host_alias_set=
ac_cv_env_host_alias_value=
ac_cv_env_libnl1_CFLAGS_set=
ac_cv_env_libnl1_CFLAGS_value=
ac_cv_env_libnl1_LIBS_set=
ac_cv_env_libnl1_LIBS_value=
ac_cv_env_libnl20_CFLAGS_set=
ac_cv_env_libnl20_CFLAGS_value=
ac_cv_env_libnl20_LIBS_set=
ac_cv_env_libnl20_LIBS_value=
ac_cv_env_libnl30_CFLAGS_set=
ac_cv_env_libnl30_CFLAGS_value=
ac_cv_env_libnl30_LIBS_set=
ac_cv_env_libnl30_LIBS_value=
ac_cv_env_libnlgenl30_CFLAGS_set=
ac_cv_env_libnlgenl30_CFLAGS_value=
ac_cv_env_libnlgenl30_LIBS_set=
ac_cv_env_libnlgenl30_LIBS_value=
ac_cv_env_target_alias_set=
ac_cv_env_target_alias_value=
ac_cv_func_gettimeofday=yes
ac_cv_func_lstat_dereferences_slashed_symlink=yes
ac_cv_func_memset=yes
ac_cv_func_select=yes
ac_cv_func_setproctitle=no
ac_cv_func_socket=yes
ac_cv_func_stat_empty_string_bug=no
ac_cv_func_strcasecmp=yes
ac_cv_func_strftime=yes
ac_cv_func_strstr=yes
ac_cv_header_errno_h=yes
ac_cv_header_getopt_h=yes
ac_cv_header_inttypes_h=yes
ac_cv_header_libutil_h=no
ac_cv_header_linux_wireless_h=yes
ac_cv_header_memory_h=yes
ac_cv_header_ncurses_h=yes
ac_cv_header_netdb_h=yes
ac_cv_header_panel_h=yes
ac_cv_header_pcre_h=yes
ac_cv_header_stdc=yes
ac_cv_header_stdint_h=yes
ac_cv_header_stdlib_h=yes
ac_cv_header_string_h=yes
ac_cv_header_strings_h=yes
ac_cv_header_sys_capability_h=no
ac_cv_header_sys_prctl_h=yes
ac_cv_header_sys_pstat_h=no
ac_cv_header_sys_socket_h=yes
ac_cv_header_sys_stat_h=yes
ac_cv_header_sys_time_h=yes
ac_cv_header_sys_types_h=yes
ac_cv_header_sys_wait_h=yes
ac_cv_header_time=yes
ac_cv_header_unistd_h=yes
ac_cv_host=i686-pc-linux-gnu
ac_cv_lib_cap_cap_init=no
ac_cv_lib_dl_dlopen=yes
ac_cv_lib_m_pow=yes
ac_cv_lib_ncurses_initscr=yes
ac_cv_lib_panel_new_panel=yes
ac_cv_lib_pcap___pcap_open_live=no
ac_cv_lib_pcre_pcre_compile=yes
ac_cv_lib_stdcpp_main=yes
ac_cv_lib_uClibcpp_main=no
ac_cv_lib_util_setproctitle=no
ac_cv_objext=o
ac_cv_path_EGREP='/bin/grep -E'
ac_cv_path_GREP=/bin/grep
ac_cv_path_install='/usr/bin/install -c'
ac_cv_prog_CPP='gcc -E'
ac_cv_prog_ac_ct_CC=gcc
ac_cv_prog_ac_ct_CXX=g++
ac_cv_prog_cc_c89=
ac_cv_prog_cc_g=yes
ac_cv_prog_cxx_g=yes
ac_cv_prog_make_make_set=yes
ac_cv_struct_tm=time.h
ac_cv_sys_file_offset_bits=64
ac_cv_sys_largefile_CC=no
ac_cv_type_signal=void
ax_cv_PTHREAD_PRIO_INHERIT=no
pf_cv_argv_type=writeable
pf_cv_var_progname=yes

## ----------------- ##
## Output variables. ##
## ----------------- ##

CC='gcc'
CFLAGS='-g -O2'
CLIBS=''
CLIENTCFLAGS=''
CLIENTCLIBS=' -ldl -lncurses -lpanel'
CPP='gcc -E'
CPPFLAGS=' -pthread -I/usr/include/ncurses'
CXX='g++'
CXXFLAGS='-g -O2'
CXXLIBS=' -lstdc++'
DEFS=''
ECHO_C=''
ECHO_N='-n'
ECHO_T=''
EGREP='/bin/grep -E'
EXEEXT=''
GREP='/bin/grep'
INSTALL_DATA='${INSTALL} -m 644'
INSTALL_PROGRAM='${INSTALL}'
INSTALL_SCRIPT='${INSTALL}'
KSLIBS=' '
LDFLAGS=' -rdynamic'
LIBOBJS=''
LIBS=' -ldl -lm -lpcre'
LTLIBOBJS=''
OBJEXT='o'
PACKAGE_BUGREPORT=''
PACKAGE_NAME=''
PACKAGE_STRING=''
PACKAGE_TARNAME=''
PACKAGE_URL=''
PACKAGE_VERSION=''
PATH_SEPARATOR=':'
PKG_CONFIG=''
PKG_CONFIG_LIBDIR=''
PKG_CONFIG_PATH=''
PLUGINLDFLAGS=''
PTHREAD_CC='gcc'
PTHREAD_CFLAGS='-pthread'
PTHREAD_LIBS=''
SET_MAKE=''
SHELL='/bin/bash'
ac_ct_CC='gcc'
ac_ct_CXX='g++'
ax_pthread_config=''
bindir='${exec_prefix}/bin'
build='i686-pc-linux-gnu'
build_alias=''
build_cpu='i686'
build_os='linux-gnu'
build_vendor='pc'
caplibs=''
datadir='${datarootdir}'
datarootdir='${prefix}/share'
docdir='${datarootdir}/doc/${PACKAGE}'
dvidir='${docdir}'
exec_prefix='NONE'
havepkgconfig=''
host='i686-pc-linux-gnu'
host_alias=''
host_cpu='i686'
host_os='linux-gnu'
host_vendor='pc'
htmldir='${docdir}'
includedir='${prefix}/include'
infodir='${datarootdir}/info'
instgrp='root'
libdir='${exec_prefix}/lib'
libexecdir='${exec_prefix}/libexec'
libnl1_CFLAGS=''
libnl1_LIBS=''
libnl20_CFLAGS=''
libnl20_LIBS=''
libnl30_CFLAGS=''
libnl30_LIBS=''
libnlgenl30_CFLAGS=''
libnlgenl30_LIBS=''
localedir='${datarootdir}/locale'
localstatedir='${prefix}/var'
mandir='${datarootdir}/man'
mangrp='man'
objc_link=''
oldincludedir='/usr/include'
pcap=''
pcaplnk=''
pdfdir='${docdir}'
prefix='NONE'
program_transform_name='s,x,x,'
psdir='${docdir}'
sbindir='${exec_prefix}/sbin'
sharedatadir=''
sharedstatedir='${prefix}/com'
suidgroup=''
sysconfdir='${prefix}/etc'
target_alias=''
threadlib=''
wantclient='yes'
wantpcap='yes'

## ----------- ##
## confdefs.h. ##
## ----------- ##

/* confdefs.h */
#define PACKAGE_NAME ""
#define PACKAGE_TARNAME ""
#define PACKAGE_VERSION ""
#define PACKAGE_STRING ""
#define PACKAGE_BUGREPORT ""
#define PACKAGE_URL ""
#define SYS_LINUX 1
#define SYSCONF_LOC "/usr/local/etc"
#define LOCALSTATE_DIR "/usr/local/var"
#define BIN_LOC "/usr/local/bin"
#define LIB_LOC "/usr/local/lib"
#define DATA_LOC "/usr/local/share"
#define STDC_HEADERS 1
#define HAVE_SYS_TYPES_H 1
#define HAVE_SYS_STAT_H 1
#define HAVE_STDLIB_H 1
#define HAVE_STRING_H 1
#define HAVE_MEMORY_H 1
#define HAVE_STRINGS_H 1
#define HAVE_INTTYPES_H 1
#define HAVE_STDINT_H 1
#define HAVE_UNISTD_H 1
#define HAVE_ERRNO_H 1
#define HAVE_SYSHEADERS 1
#define HAVE_STDLIB_H 1
#define HAVE_SYSHEADERS 1
#define HAVE_STRING_H 1
#define HAVE_SYSHEADERS 1
#define HAVE_SYS_SOCKET_H 1
#define HAVE_SYSHEADERS 1
#define HAVE_SYS_TIME_H 1
#define HAVE_SYSHEADERS 1
#define HAVE_SYS_WAIT_H 1
#define HAVE_SYSHEADERS 1
#define HAVE_UNISTD_H 1
#define HAVE_SYSHEADERS 1
#define HAVE_SYS_TYPES_H 1
#define HAVE_SYSHEADERS 1
#define HAVE_NETDB_H 1
#define HAVE_SYSHEADERS 1
#define HAVE_GETOPT_H 1
#define TIME_WITH_SYS_TIME 1
#define STDC_HEADERS 1
#define RETSIGTYPE void
#define LSTAT_FOLLOWS_SLASHED_SYMLINK 1
#define HAVE_GETTIMEOFDAY 1
#define HAVE_MEMSET 1
#define HAVE_SELECT 1
#define HAVE_SOCKET 1
#define HAVE_STRCASECMP 1
#define HAVE_STRFTIME 1
#define HAVE_STRSTR 1
#define HAVE_GETOPT_LONG 1
#define HAVE_STDINT_H 1
#define HAVE_SOCKLEN_T 1
#define _FILE_OFFSET_BITS 64
#define HAVE_LIBNCURSES 1
#define HAVE_LIBPANEL 1
#define HAVE___PROGNAME 1
#define PF_ARGV_TYPE PF_ARGV_WRITEABLE
#define HAVE_LINUX_WIRELESS 1
#define HAVE_LINUX_IWFREQFLAG 1
#define HAVE_LIBPCRE 1

configure: exit 1
